<?xml version="1.0" encoding="UTF-8"?>
<testsuite name="tests.WebQuizEngineTest" tests="1" skipped="0" failures="0" errors="0" timestamp="2023-07-03T00:19:20" hostname="DESKTOP-8KJ9EKH" time="52.392">
  <properties/>
  <testcase name="start" classname="tests.WebQuizEngineTest" time="52.392"/>
  <system-out><![CDATA[?[1;31m
Start test 1?[0m
?[0;34m
?[0m?[0;34m  .   ____          _            __ _ _
?[0m?[0;34m /\\ / ___'_ __ _ _(_)_ __  __ _ \ \ \ \
?[0m?[0;34m( ( )\___ | '_ | '_| | '_ \/ _` | \ \ \ \
?[0m?[0;34m \\/  ___)| |_)| | | | | || (_| |  ) ) ) )
?[0m?[0;34m  '  |____| .__|_| |_|_| |_\__, | / / / /
?[0m?[0;34m =========|_|==============|___/=/_/_/_/
?[0m?[0;34m :: Spring Boot ::                (v2.5.6)
?[0m?[0;34m
?[0m?[0;34m2023-07-02 21:19:21.037  INFO 13328 --- [    Test worker] engine.WebQuizEngine                     : Starting WebQuizEngine using Java 17.0.7 on DESKTOP-8KJ9EKH with PID 13328 (started by Diegote in C:\Users\Diegote\IdeaProjects\Web Quiz Engine (Java)\Web Quiz Engine (Java)\task)
?[0m?[0;34m2023-07-02 21:19:21.039  INFO 13328 --- [    Test worker] engine.WebQuizEngine                     : No active profile set, falling back to default profiles: default
?[0m?[0;34m2023-07-02 21:19:21.707  INFO 13328 --- [    Test worker] .s.d.r.c.RepositoryConfigurationDelegate : Bootstrapping Spring Data JPA repositories in DEFAULT mode.
?[0m?[0;34m2023-07-02 21:19:21.750  INFO 13328 --- [    Test worker] .s.d.r.c.RepositoryConfigurationDelegate : Finished Spring Data repository scanning in 35 ms. Found 3 JPA repository interfaces.
?[0m?[0;34m2023-07-02 21:19:22.190  INFO 13328 --- [    Test worker] o.s.b.w.embedded.tomcat.TomcatWebServer  : Tomcat initialized with port(s): 8889 (http)
?[0m?[0;34m2023-07-02 21:19:22.198  INFO 13328 --- [    Test worker] o.apache.catalina.core.StandardService   : Starting service [Tomcat]
?[0m?[0;34m2023-07-02 21:19:22.198  INFO 13328 --- [    Test worker] org.apache.catalina.core.StandardEngine  : Starting Servlet engine: [Apache Tomcat/9.0.54]
?[0m?[0;34m2023-07-02 21:19:22.272  INFO 13328 --- [    Test worker] o.a.c.c.C.[Tomcat].[localhost].[/]       : Initializing Spring embedded WebApplicationContext
?[0m?[0;34m2023-07-02 21:19:22.272  INFO 13328 --- [    Test worker] w.s.c.ServletWebServerApplicationContext : Root WebApplicationContext: initialization completed in 1203 ms
?[0m?[0;34m2023-07-02 21:19:22.362  INFO 13328 --- [    Test worker] com.zaxxer.hikari.HikariDataSource       : HikariPool-1 - Starting...
?[0m?[0;34m2023-07-02 21:19:22.516  INFO 13328 --- [    Test worker] com.zaxxer.hikari.HikariDataSource       : HikariPool-1 - Start completed.
?[0m?[0;34m2023-07-02 21:19:22.524  INFO 13328 --- [    Test worker] o.s.b.a.h2.H2ConsoleAutoConfiguration    : H2 console available at '/h2-console'. Database available at 'jdbc:h2:file:../quizdb'
?[0m?[0;34m2023-07-02 21:19:22.641  INFO 13328 --- [    Test worker] o.hibernate.jpa.internal.util.LogHelper  : HHH000204: Processing PersistenceUnitInfo [name: default]
?[0m?[0;34m2023-07-02 21:19:22.692  INFO 13328 --- [    Test worker] org.hibernate.Version                    : HHH000412: Hibernate ORM core version 5.4.32.Final
?[0m?[0;34m2023-07-02 21:19:22.817  INFO 13328 --- [    Test worker] o.hibernate.annotations.common.Version   : HCANN000001: Hibernate Commons Annotations {5.1.2.Final}
?[0m?[0;34m2023-07-02 21:19:22.924  INFO 13328 --- [    Test worker] org.hibernate.dialect.Dialect            : HHH000400: Using dialect: org.hibernate.dialect.H2Dialect
?[0m?[0;34mHibernate: create table quiz (id integer generated by default as identity, text varchar(255), title varchar(255), user_id integer not null, primary key (id))
?[0m?[0;34mHibernate: create table quiz_answer (quiz_id integer not null, answer integer)
?[0m?[0;34mHibernate: create table quiz_options (quiz_id integer not null, options varchar(255))
?[0m?[0;34mHibernate: create table solved_quiz (id integer generated by default as identity, completed_at timestamp, quiz_id integer, user_id integer not null, primary key (id))
?[0m?[0;34mHibernate: create table user (id integer generated by default as identity, password varchar(255), role varchar(255), email varchar(255), primary key (id))
?[0m?[0;34mHibernate: create table user_roles_and_authorities (user_id integer not null, roles_and_authorities binary(255))
?[0m?[0;34mHibernate: alter table quiz add constraint FK1tofsm1qynhakggx7ttqh8ihu foreign key (user_id) references user
?[0m?[0;34mHibernate: alter table quiz_answer add constraint FKoxi2td1x8cc3y4a0vlsg2hfnc foreign key (quiz_id) references quiz
?[0m?[0;34mHibernate: alter table quiz_options add constraint FKsx28j7orq6asg17veq9nblhw8 foreign key (quiz_id) references quiz
?[0m?[0;34mHibernate: alter table solved_quiz add constraint FKd2dl1knx9bewqq906vfiye41y foreign key (quiz_id) references quiz on delete cascade
?[0m?[0;34mHibernate: alter table solved_quiz add constraint FKmflgxe0ti42hkbp9dm9rcxag8 foreign key (user_id) references user
?[0m?[0;34mHibernate: alter table user_roles_and_authorities add constraint FK6tmxw2aw4w603kafpqdkiuiti foreign key (user_id) references user
?[0m?[0;34m2023-07-02 21:19:23.482  INFO 13328 --- [    Test worker] o.h.e.t.j.p.i.JtaPlatformInitiator       : HHH000490: Using JtaPlatform implementation: [org.hibernate.engine.transaction.jta.platform.internal.NoJtaPlatform]
?[0m?[0;34m2023-07-02 21:19:23.490  INFO 13328 --- [    Test worker] j.LocalContainerEntityManagerFactoryBean : Initialized JPA EntityManagerFactory for persistence unit 'default'
?[0m?[0;34m2023-07-02 21:19:23.770  WARN 13328 --- [    Test worker] JpaBaseConfiguration$JpaWebConfiguration : spring.jpa.open-in-view is enabled by default. Therefore, database queries may be performed during view rendering. Explicitly configure spring.jpa.open-in-view to disable this warning
?[0m?[0;34m2023-07-02 21:19:24.113  INFO 13328 --- [    Test worker] o.s.b.a.e.web.EndpointLinksResolver      : Exposing 14 endpoint(s) beneath base path '/actuator'
?[0m?[0;34m2023-07-02 21:19:24.153  INFO 13328 --- [    Test worker] o.s.s.web.DefaultSecurityFilterChain     : Will secure any request with [org.springframework.security.web.context.request.async.WebAsyncManagerIntegrationFilter@2c8c42c, org.springframework.security.web.context.SecurityContextPersistenceFilter@d62feaf, org.springframework.security.web.header.HeaderWriterFilter@294ab038, org.springframework.security.web.authentication.logout.LogoutFilter@5134a7d6, org.springframework.security.web.authentication.www.BasicAuthenticationFilter@38991781, org.springframework.security.web.savedrequest.RequestCacheAwareFilter@73a88711, org.springframework.security.web.servletapi.SecurityContextHolderAwareRequestFilter@25c98637, org.springframework.security.web.authentication.AnonymousAuthenticationFilter@5032b2e, org.springframework.security.web.session.SessionManagementFilter@5d03df76, org.springframework.security.web.access.ExceptionTranslationFilter@2db82155, org.springframework.security.web.access.intercept.FilterSecurityInterceptor@45649467]
?[0m?[0;34m2023-07-02 21:19:24.351  INFO 13328 --- [    Test worker] o.s.b.w.embedded.tomcat.TomcatWebServer  : Tomcat started on port(s): 8889 (http) with context path ''
?[0m?[0;34m2023-07-02 21:19:24.361  INFO 13328 --- [    Test worker] engine.WebQuizEngine                     : Started WebQuizEngine in 3.596 seconds (JVM running for 4.175)
?[0;34m2023-07-02 21:19:24.595  INFO 13328 --- [nio-8889-exec-1] o.a.c.c.C.[Tomcat].[localhost].[/]       : Initializing Spring DispatcherServlet 'dispatcherServlet'
?[0m?[0;34m2023-07-02 21:19:24.595  INFO 13328 --- [nio-8889-exec-1] o.s.web.servlet.DispatcherServlet        : Initializing Servlet 'dispatcherServlet'
?[0m?[0;34m2023-07-02 21:19:24.596  INFO 13328 --- [nio-8889-exec-1] o.s.web.servlet.DispatcherServlet        : Completed initialization in 0 ms
?[0m?[0;34mRegisterDto[email=test@google.com, password=qwerty]
?[0m?[0;34mHibernate: select user0_.id as col_0_0_ from user user0_ where user0_.email=? limit ?
?[0m?[0;34mHibernate: insert into user (id, password, role, email) values (null, ?, ?, ?)
?[0m?[0;34mHibernate: insert into user_roles_and_authorities (user_id, roles_and_authorities) values (?, ?)
?[0m?[1;31m
Start test 2?[0m
?[0;34mRegisterDto[email=user@google.com, password=12345]
?[0m?[0;34mHibernate: select user0_.id as col_0_0_ from user user0_ where user0_.email=? limit ?
?[0m?[0;34mHibernate: insert into user (id, password, role, email) values (null, ?, ?, ?)
?[0m?[0;34mHibernate: insert into user_roles_and_authorities (user_id, roles_and_authorities) values (?, ?)
?[1;31m
Start test 3?[0m
?[0;34m2023-07-02 21:19:25.045  WARN 13328 --- [nio-8889-exec-3] .w.s.m.s.DefaultHandlerExceptionResolver : Resolved [org.springframework.web.bind.MethodArgumentNotValidException: Validation failed for argument [0] in public org.springframework.http.ResponseEntity<?> engine.Controller.AuthController.register(engine.Dto.RegisterDto): [Field error in object 'registerDto' on field 'email': rejected value [google.com]; codes [Pattern.registerDto.email,Pattern.email,Pattern.java.lang.String,Pattern]; arguments [org.springframework.context.support.DefaultMessageSourceResolvable: codes [registerDto.email,email]; arguments []; default message [email],[Ljavax.validation.constraints.Pattern$Flag;@73aa2dff,.*@.*[.].*]; default message [must match ".*@.*[.].*"]] ]
?[1;31m
Start test 4?[0m
?[0;34m2023-07-02 21:19:25.072  WARN 13328 --- [nio-8889-exec-6] .w.s.m.s.DefaultHandlerExceptionResolver : Resolved [org.springframework.web.bind.MethodArgumentNotValidException: Validation failed for argument [0] in public org.springframework.http.ResponseEntity<?> engine.Controller.AuthController.register(engine.Dto.RegisterDto): [Field error in object 'registerDto' on field 'email': rejected value [well@googlecom]; codes [Pattern.registerDto.email,Pattern.email,Pattern.java.lang.String,Pattern]; arguments [org.springframework.context.support.DefaultMessageSourceResolvable: codes [registerDto.email,email]; arguments []; default message [email],[Ljavax.validation.constraints.Pattern$Flag;@73aa2dff,.*@.*[.].*]; default message [must match ".*@.*[.].*"]] ]
?[1;31m
Start test 5?[0m
?[0;34mRegisterDto[email=test@google.com, password=rtyfgcxsfd1]
?[0m?[0;34mHibernate: select user0_.id as col_0_0_ from user user0_ where user0_.email=? limit ?
?[1;31m
Start test 6?[0m
?[0;34m2023-07-02 21:19:25.144  WARN 13328 --- [nio-8889-exec-8] .w.s.m.s.DefaultHandlerExceptionResolver : Resolved [org.springframework.web.bind.MethodArgumentNotValidException: Validation failed for argument [0] in public org.springframework.http.ResponseEntity<?> engine.Controller.AuthController.register(engine.Dto.RegisterDto): [Field error in object 'registerDto' on field 'password': rejected value [1234]; codes [Pattern.registerDto.password,Pattern.password,Pattern.java.lang.String,Pattern]; arguments [org.springframework.context.support.DefaultMessageSourceResolvable: codes [registerDto.password,password]; arguments []; default message [password],[Ljavax.validation.constraints.Pattern$Flag;@73aa2dff,^.{5,}$+]; default message [must match "^.{5,}$+"]] ]
?[1;31m
Start test 7?[0m
?[0;34m2023-07-02 21:19:25.151  WARN 13328 --- [nio-8889-exec-9] .w.s.m.s.DefaultHandlerExceptionResolver : Resolved [org.springframework.web.bind.MethodArgumentNotValidException: Validation failed for argument [0] in public org.springframework.http.ResponseEntity<?> engine.Controller.AuthController.register(engine.Dto.RegisterDto): [Field error in object 'registerDto' on field 'password': rejected value [123]; codes [Pattern.registerDto.password,Pattern.password,Pattern.java.lang.String,Pattern]; arguments [org.springframework.context.support.DefaultMessageSourceResolvable: codes [registerDto.password,password]; arguments []; default message [password],[Ljavax.validation.constraints.Pattern$Flag;@73aa2dff,^.{5,}$+]; default message [must match "^.{5,}$+"]] ]
?[1;31m
Start test 8?[0m
?[0;34mHibernate: select user0_.id as id1_4_, user0_.password as password2_4_, user0_.role as role3_4_, user0_.email as email4_4_ from user user0_ where user0_.email=?
?[0m?[0;34mHibernate: select quiz0_.id as id1_0_, quiz0_.text as text2_0_, quiz0_.title as title3_0_, quiz0_.user_id as user_id4_0_ from quiz quiz0_ limit ?
?[1;31m
Start test 9?[0m
?[0m?[0;34mHibernate: select user0_.id as id1_4_, user0_.password as password2_4_, user0_.role as role3_4_, user0_.email as email4_4_ from user user0_ where user0_.email=?
?[0m?[0;34mHibernate: select quiz0_.id as id1_0_, quiz0_.text as text2_0_, quiz0_.title as title3_0_, quiz0_.user_id as user_id4_0_ from quiz quiz0_ limit ?
?[1;31m
Start test 10?[0m
?[0m?[0;34mHibernate: select user0_.id as id1_4_, user0_.password as password2_4_, user0_.role as role3_4_, user0_.email as email4_4_ from user user0_ where user0_.email=?
?[0m?[0;34mHibernate: select user0_.id as id1_4_0_, user0_.password as password2_4_0_, user0_.role as role3_4_0_, user0_.email as email4_4_0_ from user user0_ where user0_.id=?
?[0m?[0;34mHibernate: select rolesandau0_.user_id as user_id1_5_0_, rolesandau0_.roles_and_authorities as roles_an2_5_0_ from user_roles_and_authorities rolesandau0_ where rolesandau0_.user_id=?
?[0m?[0;34mHibernate: delete from user_roles_and_authorities where user_id=?
?[0m?[0;34mHibernate: insert into user_roles_and_authorities (user_id, roles_and_authorities) values (?, ?)
?[0m?[0;34mHibernate: insert into quiz (id, text, title, user_id) values (null, ?, ?, ?)
?[0m?[0;34mHibernate: insert into quiz_answer (quiz_id, answer) values (?, ?)
?[0m?[0;34mHibernate: insert into quiz_options (quiz_id, options) values (?, ?)
?[0m?[0;34mHibernate: insert into quiz_options (quiz_id, options) values (?, ?)
?[0m?[0;34mHibernate: insert into quiz_options (quiz_id, options) values (?, ?)
?[0m?[0;34mHibernate: insert into quiz_options (quiz_id, options) values (?, ?)
?[1;31m
Start test 11?[0m
?[0m?[0;34mHibernate: select user0_.id as id1_4_, user0_.password as password2_4_, user0_.role as role3_4_, user0_.email as email4_4_ from user user0_ where user0_.email=?
?[0m?[0;34mHibernate: select quiz0_.id as id1_0_0_, quiz0_.text as text2_0_0_, quiz0_.title as title3_0_0_, quiz0_.user_id as user_id4_0_0_, answer1_.quiz_id as quiz_id1_1_1_, answer1_.answer as answer2_1_1_ from quiz quiz0_ left outer join quiz_answer answer1_ on quiz0_.id=answer1_.quiz_id where quiz0_.id=?
?[0m?[0;34mHibernate: select options0_.quiz_id as quiz_id1_2_0_, options0_.options as options2_2_0_ from quiz_options options0_ where options0_.quiz_id=?
?[1;31m
Start test 12?[0m
?[0m?[0;34mHibernate: select user0_.id as id1_4_, user0_.password as password2_4_, user0_.role as role3_4_, user0_.email as email4_4_ from user user0_ where user0_.email=?
?[0m?[0;34mHibernate: select quiz0_.id as id1_0_0_, quiz0_.text as text2_0_0_, quiz0_.title as title3_0_0_, quiz0_.user_id as user_id4_0_0_, answer1_.quiz_id as quiz_id1_1_1_, answer1_.answer as answer2_1_1_ from quiz quiz0_ left outer join quiz_answer answer1_ on quiz0_.id=answer1_.quiz_id where quiz0_.id=?
?[1;31m
Start test 13?[0m
?[0m?[0;34mHibernate: select user0_.id as id1_4_, user0_.password as password2_4_, user0_.role as role3_4_, user0_.email as email4_4_ from user user0_ where user0_.email=?
?[0m?[0;34mHibernate: select quiz0_.id as id1_0_, quiz0_.text as text2_0_, quiz0_.title as title3_0_, quiz0_.user_id as user_id4_0_ from quiz quiz0_ limit ?
?[0m?[0;34mHibernate: select options0_.quiz_id as quiz_id1_2_0_, options0_.options as options2_2_0_ from quiz_options options0_ where options0_.quiz_id=?
?[0m?[0;34mHibernate: select answer0_.quiz_id as quiz_id1_1_0_, answer0_.answer as answer2_1_0_ from quiz_answer answer0_ where answer0_.quiz_id=?
?[1;31m
Start test 14?[0m
?[0m?[0;34mHibernate: select user0_.id as id1_4_, user0_.password as password2_4_, user0_.role as role3_4_, user0_.email as email4_4_ from user user0_ where user0_.email=?
?[0m?[0;34mHibernate: select user0_.id as id1_4_0_, user0_.password as password2_4_0_, user0_.role as role3_4_0_, user0_.email as email4_4_0_ from user user0_ where user0_.id=?
?[0m?[0;34mHibernate: select rolesandau0_.user_id as user_id1_5_0_, rolesandau0_.roles_and_authorities as roles_an2_5_0_ from user_roles_and_authorities rolesandau0_ where rolesandau0_.user_id=?
?[0m?[0;34mHibernate: delete from user_roles_and_authorities where user_id=?
?[0m?[0;34mHibernate: insert into user_roles_and_authorities (user_id, roles_and_authorities) values (?, ?)
?[0m?[0;34mHibernate: insert into quiz (id, text, title, user_id) values (null, ?, ?, ?)
?[0m?[0;34mHibernate: insert into quiz_answer (quiz_id, answer) values (?, ?)
?[0m?[0;34mHibernate: insert into quiz_options (quiz_id, options) values (?, ?)
?[0m?[0;34mHibernate: insert into quiz_options (quiz_id, options) values (?, ?)
?[0m?[0;34mHibernate: insert into quiz_options (quiz_id, options) values (?, ?)
?[0m?[0;34mHibernate: insert into quiz_options (quiz_id, options) values (?, ?)
?[1;31m
Start test 15?[0m
?[0m?[0;34mHibernate: select user0_.id as id1_4_, user0_.password as password2_4_, user0_.role as role3_4_, user0_.email as email4_4_ from user user0_ where user0_.email=?
?[0m?[0;34mHibernate: select quiz0_.id as id1_0_0_, quiz0_.text as text2_0_0_, quiz0_.title as title3_0_0_, quiz0_.user_id as user_id4_0_0_, answer1_.quiz_id as quiz_id1_1_1_, answer1_.answer as answer2_1_1_ from quiz quiz0_ left outer join quiz_answer answer1_ on quiz0_.id=answer1_.quiz_id where quiz0_.id=?
?[0m?[0;34mHibernate: select options0_.quiz_id as quiz_id1_2_0_, options0_.options as options2_2_0_ from quiz_options options0_ where options0_.quiz_id=?
?[1;31m
Start test 16?[0m
?[0m?[0;34mHibernate: select user0_.id as id1_4_, user0_.password as password2_4_, user0_.role as role3_4_, user0_.email as email4_4_ from user user0_ where user0_.email=?
?[0m?[0;34mHibernate: select quiz0_.id as id1_0_0_, quiz0_.text as text2_0_0_, quiz0_.title as title3_0_0_, quiz0_.user_id as user_id4_0_0_, answer1_.quiz_id as quiz_id1_1_1_, answer1_.answer as answer2_1_1_ from quiz quiz0_ left outer join quiz_answer answer1_ on quiz0_.id=answer1_.quiz_id where quiz0_.id=?
?[1;31m
Start test 17?[0m
?[0m?[0;34mHibernate: select user0_.id as id1_4_, user0_.password as password2_4_, user0_.role as role3_4_, user0_.email as email4_4_ from user user0_ where user0_.email=?
?[0m?[0;34mHibernate: select quiz0_.id as id1_0_, quiz0_.text as text2_0_, quiz0_.title as title3_0_, quiz0_.user_id as user_id4_0_ from quiz quiz0_ limit ?
?[0m?[0;34mHibernate: select options0_.quiz_id as quiz_id1_2_0_, options0_.options as options2_2_0_ from quiz_options options0_ where options0_.quiz_id in (select quiz0_.id from quiz quiz0_)
?[0m?[0;34mHibernate: select answer0_.quiz_id as quiz_id1_1_0_, answer0_.answer as answer2_1_0_ from quiz_answer answer0_ where answer0_.quiz_id=?
?[0m?[0;34mHibernate: select answer0_.quiz_id as quiz_id1_1_0_, answer0_.answer as answer2_1_0_ from quiz_answer answer0_ where answer0_.quiz_id=?
?[1;31m
Start test 18?[0m
?[1;31m
Start test 19?[0m
?[1;31m
Start test 20?[0m
?[1;31m
Start test 21?[0m
?[1;31m
Start test 22?[0m
?[1;31m
Start test 23?[0m
?[1;31m
Start test 24?[0m
?[1;31m
Start test 25?[0m
?[1;31m
Start test 26?[0m
?[0m?[0;34mHibernate: select user0_.id as id1_4_, user0_.password as password2_4_, user0_.role as role3_4_, user0_.email as email4_4_ from user user0_ where user0_.email=?
?[1;31m
Start test 27?[0m
?[0m?[0;34mHibernate: select user0_.id as id1_4_, user0_.password as password2_4_, user0_.role as role3_4_, user0_.email as email4_4_ from user user0_ where user0_.email=?
?[1;31m
Start test 28?[0m
?[0;34mHibernate: select user0_.id as id1_4_, user0_.password as password2_4_, user0_.role as role3_4_, user0_.email as email4_4_ from user user0_ where user0_.email=?
?[1;31m
Start test 29?[0m
?[0;34mHibernate: select user0_.id as id1_4_, user0_.password as password2_4_, user0_.role as role3_4_, user0_.email as email4_4_ from user user0_ where user0_.email=?
?[1;31m
Start test 30?[0m
?[0m?[0;34mHibernate: select user0_.id as id1_4_, user0_.password as password2_4_, user0_.role as role3_4_, user0_.email as email4_4_ from user user0_ where user0_.email=?
?[1;31m
Start test 31?[0m
?[0m?[0;34mHibernate: select user0_.id as id1_4_, user0_.password as password2_4_, user0_.role as role3_4_, user0_.email as email4_4_ from user user0_ where user0_.email=?
?[1;31m
Start test 32?[0m
?[0m?[0;34mHibernate: select user0_.id as id1_4_, user0_.password as password2_4_, user0_.role as role3_4_, user0_.email as email4_4_ from user user0_ where user0_.email=?
?[1;31m
Start test 33?[0m
?[0m?[0;34mHibernate: select user0_.id as id1_4_, user0_.password as password2_4_, user0_.role as role3_4_, user0_.email as email4_4_ from user user0_ where user0_.email=?
?[1;31m
Start test 34?[0m
?[0m?[0;34mHibernate: select user0_.id as id1_4_, user0_.password as password2_4_, user0_.role as role3_4_, user0_.email as email4_4_ from user user0_ where user0_.email=?
?[0m?[0;34mHibernate: select quiz0_.id as id1_0_0_, quiz0_.text as text2_0_0_, quiz0_.title as title3_0_0_, quiz0_.user_id as user_id4_0_0_, answer1_.quiz_id as quiz_id1_1_1_, answer1_.answer as answer2_1_1_ from quiz quiz0_ left outer join quiz_answer answer1_ on quiz0_.id=answer1_.quiz_id where quiz0_.id=?
?[0m?[0;34mHibernate: select options0_.quiz_id as quiz_id1_2_0_, options0_.options as options2_2_0_ from quiz_options options0_ where options0_.quiz_id=?
?[1;31m
Start test 35?[0m
?[0m?[0;34mHibernate: select user0_.id as id1_4_, user0_.password as password2_4_, user0_.role as role3_4_, user0_.email as email4_4_ from user user0_ where user0_.email=?
?[0m?[0;34mHibernate: select quiz0_.id as id1_0_0_, quiz0_.text as text2_0_0_, quiz0_.title as title3_0_0_, quiz0_.user_id as user_id4_0_0_, answer1_.quiz_id as quiz_id1_1_1_, answer1_.answer as answer2_1_1_ from quiz quiz0_ left outer join quiz_answer answer1_ on quiz0_.id=answer1_.quiz_id where quiz0_.id=?
?[0m?[0;34mHibernate: select options0_.quiz_id as quiz_id1_2_0_, options0_.options as options2_2_0_ from quiz_options options0_ where options0_.quiz_id=?
?[1;31m
Start test 36?[0m
?[0m?[0;34mHibernate: select user0_.id as id1_4_, user0_.password as password2_4_, user0_.role as role3_4_, user0_.email as email4_4_ from user user0_ where user0_.email=?
?[0m?[0;34mHibernate: select quiz0_.id as id1_0_0_, quiz0_.text as text2_0_0_, quiz0_.title as title3_0_0_, quiz0_.user_id as user_id4_0_0_, answer1_.quiz_id as quiz_id1_1_1_, answer1_.answer as answer2_1_1_ from quiz quiz0_ left outer join quiz_answer answer1_ on quiz0_.id=answer1_.quiz_id where quiz0_.id=?
?[0m?[0;34mHibernate: select options0_.quiz_id as quiz_id1_2_0_, options0_.options as options2_2_0_ from quiz_options options0_ where options0_.quiz_id=?
?[0m?[0;34mHibernate: insert into solved_quiz (id, completed_at, quiz_id, user_id) values (null, ?, ?, ?)
?[1;31m
Start test 37?[0m
?[0m?[0;34mHibernate: select user0_.id as id1_4_, user0_.password as password2_4_, user0_.role as role3_4_, user0_.email as email4_4_ from user user0_ where user0_.email=?
?[0m?[0;34mHibernate: select quiz0_.id as id1_0_0_, quiz0_.text as text2_0_0_, quiz0_.title as title3_0_0_, quiz0_.user_id as user_id4_0_0_, answer1_.quiz_id as quiz_id1_1_1_, answer1_.answer as answer2_1_1_ from quiz quiz0_ left outer join quiz_answer answer1_ on quiz0_.id=answer1_.quiz_id where quiz0_.id=?
?[0m?[0;34mHibernate: select options0_.quiz_id as quiz_id1_2_0_, options0_.options as options2_2_0_ from quiz_options options0_ where options0_.quiz_id=?
?[1;31m
Start test 38?[0m
?[0m?[0;34mHibernate: select user0_.id as id1_4_, user0_.password as password2_4_, user0_.role as role3_4_, user0_.email as email4_4_ from user user0_ where user0_.email=?
?[0m?[0;34mHibernate: select quiz0_.id as id1_0_0_, quiz0_.text as text2_0_0_, quiz0_.title as title3_0_0_, quiz0_.user_id as user_id4_0_0_, answer1_.quiz_id as quiz_id1_1_1_, answer1_.answer as answer2_1_1_ from quiz quiz0_ left outer join quiz_answer answer1_ on quiz0_.id=answer1_.quiz_id where quiz0_.id=?
?[0m?[0;34mHibernate: select options0_.quiz_id as quiz_id1_2_0_, options0_.options as options2_2_0_ from quiz_options options0_ where options0_.quiz_id=?
?[1;31m
Start test 39?[0m
?[0m?[0;34mHibernate: select user0_.id as id1_4_, user0_.password as password2_4_, user0_.role as role3_4_, user0_.email as email4_4_ from user user0_ where user0_.email=?
?[0m?[0;34mHibernate: select quiz0_.id as id1_0_0_, quiz0_.text as text2_0_0_, quiz0_.title as title3_0_0_, quiz0_.user_id as user_id4_0_0_, answer1_.quiz_id as quiz_id1_1_1_, answer1_.answer as answer2_1_1_ from quiz quiz0_ left outer join quiz_answer answer1_ on quiz0_.id=answer1_.quiz_id where quiz0_.id=?
?[0m?[0;34mHibernate: select options0_.quiz_id as quiz_id1_2_0_, options0_.options as options2_2_0_ from quiz_options options0_ where options0_.quiz_id=?
?[0m?[0;34mHibernate: insert into solved_quiz (id, completed_at, quiz_id, user_id) values (null, ?, ?, ?)
?[1;31m
Start test 40?[0m
?[0m?[0;34mHibernate: select user0_.id as id1_4_, user0_.password as password2_4_, user0_.role as role3_4_, user0_.email as email4_4_ from user user0_ where user0_.email=?
?[0m?[0;34mHibernate: select quiz0_.id as id1_0_0_, quiz0_.text as text2_0_0_, quiz0_.title as title3_0_0_, quiz0_.user_id as user_id4_0_0_, answer1_.quiz_id as quiz_id1_1_1_, answer1_.answer as answer2_1_1_ from quiz quiz0_ left outer join quiz_answer answer1_ on quiz0_.id=answer1_.quiz_id where quiz0_.id=?
?[0m?[0;34mHibernate: select options0_.quiz_id as quiz_id1_2_0_, options0_.options as options2_2_0_ from quiz_options options0_ where options0_.quiz_id=?
?[1;31m
Start test 41?[0m
?[0m?[0;34mHibernate: select user0_.id as id1_4_, user0_.password as password2_4_, user0_.role as role3_4_, user0_.email as email4_4_ from user user0_ where user0_.email=?
?[0m?[0;34mHibernate: select quiz0_.id as id1_0_0_, quiz0_.text as text2_0_0_, quiz0_.title as title3_0_0_, quiz0_.user_id as user_id4_0_0_, answer1_.quiz_id as quiz_id1_1_1_, answer1_.answer as answer2_1_1_ from quiz quiz0_ left outer join quiz_answer answer1_ on quiz0_.id=answer1_.quiz_id where quiz0_.id=?
?[0m?[0;34mHibernate: select options0_.quiz_id as quiz_id1_2_0_, options0_.options as options2_2_0_ from quiz_options options0_ where options0_.quiz_id=?
?[1;31m
Start test 42?[0m
?[0m?[0;34mHibernate: select user0_.id as id1_4_, user0_.password as password2_4_, user0_.role as role3_4_, user0_.email as email4_4_ from user user0_ where user0_.email=?
?[0m?[0;34mHibernate: SELECT * FROM solved_quiz WHERE user_id = ? order by completed_At desc limit ?
?[1;31m
Start test 43?[0m
?[0m?[0;34mHibernate: select user0_.id as id1_4_, user0_.password as password2_4_, user0_.role as role3_4_, user0_.email as email4_4_ from user user0_ where user0_.email=?
?[0m?[0;34mHibernate: SELECT * FROM solved_quiz WHERE user_id = ? order by completed_At desc limit ?
?[1;31m
Start test 44?[0m
?[0m?[0;34mHibernate: select user0_.id as id1_4_, user0_.password as password2_4_, user0_.role as role3_4_, user0_.email as email4_4_ from user user0_ where user0_.email=?
?[0m?[0;34mHibernate: select quiz0_.id as id1_0_, quiz0_.text as text2_0_, quiz0_.title as title3_0_, quiz0_.user_id as user_id4_0_ from quiz quiz0_ limit ?
?[0m?[0;34mHibernate: select options0_.quiz_id as quiz_id1_2_0_, options0_.options as options2_2_0_ from quiz_options options0_ where options0_.quiz_id in (select quiz0_.id from quiz quiz0_)
?[0m?[0;34mHibernate: select answer0_.quiz_id as quiz_id1_1_0_, answer0_.answer as answer2_1_0_ from quiz_answer answer0_ where answer0_.quiz_id=?
?[0m?[0;34mHibernate: select answer0_.quiz_id as quiz_id1_1_0_, answer0_.answer as answer2_1_0_ from quiz_answer answer0_ where answer0_.quiz_id=?
?[1;31m
Start test 45?[0m
?[0m?[0;34mHibernate: select user0_.id as id1_4_, user0_.password as password2_4_, user0_.role as role3_4_, user0_.email as email4_4_ from user user0_ where user0_.email=?
?[0m?[0;34mHibernate: select quiz0_.id as id1_0_, quiz0_.text as text2_0_, quiz0_.title as title3_0_, quiz0_.user_id as user_id4_0_ from quiz quiz0_ limit ?
?[0m?[0;34mHibernate: select options0_.quiz_id as quiz_id1_2_0_, options0_.options as options2_2_0_ from quiz_options options0_ where options0_.quiz_id in (select quiz0_.id from quiz quiz0_)
?[0m?[0;34mHibernate: select answer0_.quiz_id as quiz_id1_1_0_, answer0_.answer as answer2_1_0_ from quiz_answer answer0_ where answer0_.quiz_id=?
?[0m?[0;34mHibernate: select answer0_.quiz_id as quiz_id1_1_0_, answer0_.answer as answer2_1_0_ from quiz_answer answer0_ where answer0_.quiz_id=?
?[1;31m
Start test 46?[0m
?[0;34m2023-07-02 21:19:27.737  INFO 13328 --- [       Thread-5] j.LocalContainerEntityManagerFactoryBean : Closing JPA EntityManagerFactory for persistence unit 'default'
?[0m?[0;34m2023-07-02 21:19:27.739  INFO 13328 --- [       Thread-5] com.zaxxer.hikari.HikariDataSource       : HikariPool-1 - Shutdown initiated...
?[0m?[0;34m2023-07-02 21:19:27.760  INFO 13328 --- [       Thread-5] com.zaxxer.hikari.HikariDataSource       : HikariPool-1 - Shutdown completed.
?[0;34m
?[0m?[0;34m  .   ____          _            __ _ _
?[0m?[0;34m /\\ / ___'_ __ _ _(_)_ __  __ _ \ \ \ \
?[0m?[0;34m( ( )\___ | '_ | '_| | '_ \/ _` | \ \ \ \
?[0m?[0;34m \\/  ___)| |_)| | | | | || (_| |  ) ) ) )
?[0m?[0;34m  '  |____| .__|_| |_|_| |_\__, | / / / /
?[0m?[0;34m =========|_|==============|___/=/_/_/_/
?[0m?[0;34m :: Spring Boot ::                (v2.5.6)
?[0m?[0;34m
?[0m?[0;34m2023-07-02 21:19:38.213  INFO 13328 --- [    Test worker] engine.WebQuizEngine                     : Starting WebQuizEngine using Java 17.0.7 on DESKTOP-8KJ9EKH with PID 13328 (started by Diegote in C:\Users\Diegote\IdeaProjects\Web Quiz Engine (Java)\Web Quiz Engine (Java)\task)
?[0m?[0;34m2023-07-02 21:19:38.213  INFO 13328 --- [    Test worker] engine.WebQuizEngine                     : No active profile set, falling back to default profiles: default
?[0m?[0;34m2023-07-02 21:19:38.379  INFO 13328 --- [    Test worker] .s.d.r.c.RepositoryConfigurationDelegate : Bootstrapping Spring Data JPA repositories in DEFAULT mode.
?[0m?[0;34m2023-07-02 21:19:38.392  INFO 13328 --- [    Test worker] .s.d.r.c.RepositoryConfigurationDelegate : Finished Spring Data repository scanning in 12 ms. Found 3 JPA repository interfaces.
?[0m?[0;34m2023-07-02 21:19:38.443  INFO 13328 --- [    Test worker] o.s.b.w.embedded.tomcat.TomcatWebServer  : Tomcat initialized with port(s): 8889 (http)
?[0m?[0;34m2023-07-02 21:19:38.443  INFO 13328 --- [    Test worker] o.apache.catalina.core.StandardService   : Starting service [Tomcat]
?[0m?[0;34m2023-07-02 21:19:38.443  INFO 13328 --- [    Test worker] org.apache.catalina.core.StandardEngine  : Starting Servlet engine: [Apache Tomcat/9.0.54]
?[0m?[0;34m2023-07-02 21:19:38.463  INFO 13328 --- [    Test worker] o.a.c.c.C.[Tomcat].[localhost].[/]       : Initializing Spring embedded WebApplicationContext
?[0m?[0;34m2023-07-02 21:19:38.464  INFO 13328 --- [    Test worker] w.s.c.ServletWebServerApplicationContext : Root WebApplicationContext: initialization completed in 250 ms
?[0m?[0;34m2023-07-02 21:19:38.485  INFO 13328 --- [    Test worker] com.zaxxer.hikari.HikariDataSource       : HikariPool-2 - Starting...
?[0m?[0;34m2023-07-02 21:19:38.498  INFO 13328 --- [    Test worker] com.zaxxer.hikari.HikariDataSource       : HikariPool-2 - Start completed.
?[0m?[0;34m2023-07-02 21:19:38.498  INFO 13328 --- [    Test worker] o.s.b.a.h2.H2ConsoleAutoConfiguration    : H2 console available at '/h2-console'. Database available at 'jdbc:h2:file:../quizdb'
?[0m?[0;34m2023-07-02 21:19:38.521  INFO 13328 --- [    Test worker] o.hibernate.jpa.internal.util.LogHelper  : HHH000204: Processing PersistenceUnitInfo [name: default]
?[0m?[0;34m2023-07-02 21:19:38.526  INFO 13328 --- [    Test worker] org.hibernate.dialect.Dialect            : HHH000400: Using dialect: org.hibernate.dialect.H2Dialect
?[0m?[0;34m2023-07-02 21:19:38.606  INFO 13328 --- [    Test worker] o.h.e.t.j.p.i.JtaPlatformInitiator       : HHH000490: Using JtaPlatform implementation: [org.hibernate.engine.transaction.jta.platform.internal.NoJtaPlatform]
?[0m?[0;34m2023-07-02 21:19:38.606  INFO 13328 --- [    Test worker] j.LocalContainerEntityManagerFactoryBean : Initialized JPA EntityManagerFactory for persistence unit 'default'
?[0m?[0;34m2023-07-02 21:19:38.651  WARN 13328 --- [    Test worker] JpaBaseConfiguration$JpaWebConfiguration : spring.jpa.open-in-view is enabled by default. Therefore, database queries may be performed during view rendering. Explicitly configure spring.jpa.open-in-view to disable this warning
?[0m?[0;34m2023-07-02 21:19:38.740  INFO 13328 --- [    Test worker] o.s.b.a.e.web.EndpointLinksResolver      : Exposing 14 endpoint(s) beneath base path '/actuator'
?[0m?[0;34m2023-07-02 21:19:38.745  INFO 13328 --- [    Test worker] o.s.s.web.DefaultSecurityFilterChain     : Will secure any request with [org.springframework.security.web.context.request.async.WebAsyncManagerIntegrationFilter@6d0d5147, org.springframework.security.web.context.SecurityContextPersistenceFilter@381ed137, org.springframework.security.web.header.HeaderWriterFilter@4867f5cf, org.springframework.security.web.authentication.logout.LogoutFilter@62b72289, org.springframework.security.web.authentication.www.BasicAuthenticationFilter@3217e970, org.springframework.security.web.savedrequest.RequestCacheAwareFilter@6eacf3be, org.springframework.security.web.servletapi.SecurityContextHolderAwareRequestFilter@1912ba29, org.springframework.security.web.authentication.AnonymousAuthenticationFilter@1a370c7c, org.springframework.security.web.session.SessionManagementFilter@2202e978, org.springframework.security.web.access.ExceptionTranslationFilter@22a89db, org.springframework.security.web.access.intercept.FilterSecurityInterceptor@e8ef60b]
?[0m?[0;34m2023-07-02 21:19:38.792  INFO 13328 --- [    Test worker] o.s.b.w.embedded.tomcat.TomcatWebServer  : Tomcat started on port(s): 8889 (http) with context path ''
?[0m?[0;34m2023-07-02 21:19:38.796  INFO 13328 --- [    Test worker] engine.WebQuizEngine                     : Started WebQuizEngine in 0.597 seconds (JVM running for 18.61)
?[0m?[1;31m
Start test 47?[0m
?[0;34m2023-07-02 21:19:38.801  INFO 13328 --- [nio-8889-exec-1] o.a.c.c.C.[Tomcat].[localhost].[/]       : Initializing Spring DispatcherServlet 'dispatcherServlet'
?[0m?[0;34m2023-07-02 21:19:38.801  INFO 13328 --- [nio-8889-exec-1] o.s.web.servlet.DispatcherServlet        : Initializing Servlet 'dispatcherServlet'
?[0m?[0;34m2023-07-02 21:19:38.802  INFO 13328 --- [nio-8889-exec-1] o.s.web.servlet.DispatcherServlet        : Completed initialization in 1 ms
?[0m?[0;34mHibernate: select user0_.id as id1_4_, user0_.password as password2_4_, user0_.role as role3_4_, user0_.email as email4_4_ from user user0_ where user0_.email=?
?[0m?[0;34mHibernate: select quiz0_.id as id1_0_, quiz0_.text as text2_0_, quiz0_.title as title3_0_, quiz0_.user_id as user_id4_0_ from quiz quiz0_ limit ?
?[0m?[0;34mHibernate: select options0_.quiz_id as quiz_id1_2_0_, options0_.options as options2_2_0_ from quiz_options options0_ where options0_.quiz_id in (select quiz0_.id from quiz quiz0_)
?[0m?[0;34mHibernate: select answer0_.quiz_id as quiz_id1_1_0_, answer0_.answer as answer2_1_0_ from quiz_answer answer0_ where answer0_.quiz_id=?
?[0m?[0;34mHibernate: select answer0_.quiz_id as quiz_id1_1_0_, answer0_.answer as answer2_1_0_ from quiz_answer answer0_ where answer0_.quiz_id=?
?[1;31m
Start test 48?[0m
?[0;34mHibernate: select user0_.id as id1_4_, user0_.password as password2_4_, user0_.role as role3_4_, user0_.email as email4_4_ from user user0_ where user0_.email=?
?[0m?[0;34mHibernate: select quiz0_.id as id1_0_, quiz0_.text as text2_0_, quiz0_.title as title3_0_, quiz0_.user_id as user_id4_0_ from quiz quiz0_ limit ?
?[0m?[0;34mHibernate: select options0_.quiz_id as quiz_id1_2_0_, options0_.options as options2_2_0_ from quiz_options options0_ where options0_.quiz_id in (select quiz0_.id from quiz quiz0_)
?[0m?[0;34mHibernate: select answer0_.quiz_id as quiz_id1_1_0_, answer0_.answer as answer2_1_0_ from quiz_answer answer0_ where answer0_.quiz_id=?
?[0m?[0;34mHibernate: select answer0_.quiz_id as quiz_id1_1_0_, answer0_.answer as answer2_1_0_ from quiz_answer answer0_ where answer0_.quiz_id=?
?[1;31m
Start test 49?[0m
?[0;34mHibernate: select user0_.id as id1_4_, user0_.password as password2_4_, user0_.role as role3_4_, user0_.email as email4_4_ from user user0_ where user0_.email=?
?[0m?[0;34mHibernate: select quiz0_.id as id1_0_0_, quiz0_.text as text2_0_0_, quiz0_.title as title3_0_0_, quiz0_.user_id as user_id4_0_0_, answer1_.quiz_id as quiz_id1_1_1_, answer1_.answer as answer2_1_1_ from quiz quiz0_ left outer join quiz_answer answer1_ on quiz0_.id=answer1_.quiz_id where quiz0_.id=?
?[0m?[0;34mHibernate: select options0_.quiz_id as quiz_id1_2_0_, options0_.options as options2_2_0_ from quiz_options options0_ where options0_.quiz_id=?
?[0m?[0;34mHibernate: insert into solved_quiz (id, completed_at, quiz_id, user_id) values (null, ?, ?, ?)
?[1;31m
Start test 50?[0m
?[0;34mHibernate: select user0_.id as id1_4_, user0_.password as password2_4_, user0_.role as role3_4_, user0_.email as email4_4_ from user user0_ where user0_.email=?
?[0m?[0;34mHibernate: select quiz0_.id as id1_0_0_, quiz0_.text as text2_0_0_, quiz0_.title as title3_0_0_, quiz0_.user_id as user_id4_0_0_, answer1_.quiz_id as quiz_id1_1_1_, answer1_.answer as answer2_1_1_ from quiz quiz0_ left outer join quiz_answer answer1_ on quiz0_.id=answer1_.quiz_id where quiz0_.id=?
?[0m?[0;34mHibernate: select options0_.quiz_id as quiz_id1_2_0_, options0_.options as options2_2_0_ from quiz_options options0_ where options0_.quiz_id=?
?[1;31m
Start test 51?[0m
?[0;34mHibernate: select user0_.id as id1_4_, user0_.password as password2_4_, user0_.role as role3_4_, user0_.email as email4_4_ from user user0_ where user0_.email=?
?[0m?[0;34mHibernate: select quiz0_.id as id1_0_0_, quiz0_.text as text2_0_0_, quiz0_.title as title3_0_0_, quiz0_.user_id as user_id4_0_0_, answer1_.quiz_id as quiz_id1_1_1_, answer1_.answer as answer2_1_1_ from quiz quiz0_ left outer join quiz_answer answer1_ on quiz0_.id=answer1_.quiz_id where quiz0_.id=?
?[0m?[0;34mHibernate: select options0_.quiz_id as quiz_id1_2_0_, options0_.options as options2_2_0_ from quiz_options options0_ where options0_.quiz_id=?
?[1;31m
Start test 52?[0m
?[0;34mHibernate: select user0_.id as id1_4_, user0_.password as password2_4_, user0_.role as role3_4_, user0_.email as email4_4_ from user user0_ where user0_.email=?
?[0m?[0;34mHibernate: select quiz0_.id as id1_0_0_, quiz0_.text as text2_0_0_, quiz0_.title as title3_0_0_, quiz0_.user_id as user_id4_0_0_, answer1_.quiz_id as quiz_id1_1_1_, answer1_.answer as answer2_1_1_ from quiz quiz0_ left outer join quiz_answer answer1_ on quiz0_.id=answer1_.quiz_id where quiz0_.id=?
?[0m?[0;34mHibernate: select options0_.quiz_id as quiz_id1_2_0_, options0_.options as options2_2_0_ from quiz_options options0_ where options0_.quiz_id=?
?[0m?[0;34mHibernate: insert into solved_quiz (id, completed_at, quiz_id, user_id) values (null, ?, ?, ?)
?[1;31m
Start test 53?[0m
?[0;34mHibernate: select user0_.id as id1_4_, user0_.password as password2_4_, user0_.role as role3_4_, user0_.email as email4_4_ from user user0_ where user0_.email=?
?[0m?[0;34mHibernate: SELECT * FROM solved_quiz WHERE user_id = ? order by completed_At desc limit ?
?[1;31m
Start test 54?[0m
?[0;34mHibernate: select user0_.id as id1_4_, user0_.password as password2_4_, user0_.role as role3_4_, user0_.email as email4_4_ from user user0_ where user0_.email=?
?[0m?[0;34mHibernate: SELECT * FROM solved_quiz WHERE user_id = ? order by completed_At desc limit ?
?[1;31m
Start test 55?[0m
?[0;34mHibernate: select user0_.id as id1_4_, user0_.password as password2_4_, user0_.role as role3_4_, user0_.email as email4_4_ from user user0_ where user0_.email=?
?[0m?[0;34mHibernate: SELECT * FROM solved_quiz WHERE user_id = ? order by completed_At desc limit ?
?[1;31m
Start test 56?[0m
?[0;34mHibernate: select user0_.id as id1_4_, user0_.password as password2_4_, user0_.role as role3_4_, user0_.email as email4_4_ from user user0_ where user0_.email=?
?[0m?[0;34mHibernate: SELECT * FROM solved_quiz WHERE user_id = ? order by completed_At desc limit ?
?[1;31m
Start test 57?[0m
?[0m?[0;34mHibernate: select user0_.id as id1_4_, user0_.password as password2_4_, user0_.role as role3_4_, user0_.email as email4_4_ from user user0_ where user0_.email=?
?[0m?[0;34m2023-07-02 21:19:39.545  WARN 13328 --- [nio-8889-exec-1] .w.s.m.s.DefaultHandlerExceptionResolver : Resolved [org.springframework.http.converter.HttpMessageNotReadableException: JSON parse error: Unexpected character ('"' (code 34)): was expecting comma to separate Object entries; nested exception is com.fasterxml.jackson.core.JsonParseException: Unexpected character ('"' (code 34)): was expecting comma to separate Object entries<LF> at [Source: (PushbackInputStream); line: 4, column: 4]]
?[1;31m
Start test 58?[0m
?[0m?[0;34mHibernate: select user0_.id as id1_4_, user0_.password as password2_4_, user0_.role as role3_4_, user0_.email as email4_4_ from user user0_ where user0_.email=?
?[0m?[0;34m2023-07-02 21:19:39.605  WARN 13328 --- [nio-8889-exec-2] .w.s.m.s.DefaultHandlerExceptionResolver : Resolved [org.springframework.http.converter.HttpMessageNotReadableException: JSON parse error: Unexpected character ('"' (code 34)): was expecting comma to separate Object entries; nested exception is com.fasterxml.jackson.core.JsonParseException: Unexpected character ('"' (code 34)): was expecting comma to separate Object entries<LF> at [Source: (PushbackInputStream); line: 5, column: 4]]
?[1;31m
Start test 59?[0m
?[0m?[0;34mHibernate: select user0_.id as id1_4_, user0_.password as password2_4_, user0_.role as role3_4_, user0_.email as email4_4_ from user user0_ where user0_.email=?
?[0m?[0;34m2023-07-02 21:19:39.662  WARN 13328 --- [nio-8889-exec-3] .w.s.m.s.DefaultHandlerExceptionResolver : Resolved [org.springframework.http.converter.HttpMessageNotReadableException: JSON parse error: Unexpected character ('"' (code 34)): was expecting comma to separate Object entries; nested exception is com.fasterxml.jackson.core.JsonParseException: Unexpected character ('"' (code 34)): was expecting comma to separate Object entries<LF> at [Source: (PushbackInputStream); line: 4, column: 4]]
?[1;31m
Start test 60?[0m
?[0m?[0;34mHibernate: select user0_.id as id1_4_, user0_.password as password2_4_, user0_.role as role3_4_, user0_.email as email4_4_ from user user0_ where user0_.email=?
?[0m?[0;34m2023-07-02 21:19:39.720  WARN 13328 --- [nio-8889-exec-4] .w.s.m.s.DefaultHandlerExceptionResolver : Resolved [org.springframework.http.converter.HttpMessageNotReadableException: JSON parse error: Unexpected character ('"' (code 34)): was expecting comma to separate Object entries; nested exception is com.fasterxml.jackson.core.JsonParseException: Unexpected character ('"' (code 34)): was expecting comma to separate Object entries<LF> at [Source: (PushbackInputStream); line: 5, column: 4]]
?[1;31m
Start test 61?[0m
?[0m?[0;34mHibernate: select user0_.id as id1_4_, user0_.password as password2_4_, user0_.role as role3_4_, user0_.email as email4_4_ from user user0_ where user0_.email=?
?[0m?[0;34m2023-07-02 21:19:39.790  WARN 13328 --- [nio-8889-exec-5] .w.s.m.s.DefaultHandlerExceptionResolver : Resolved [org.springframework.web.bind.MethodArgumentNotValidException: Validation failed for argument [0] in public org.springframework.http.ResponseEntity<engine.Entity.Quiz> engine.Controller.QuizController.createQuiz(engine.Dto.QuizDto): [Field error in object 'quizDto' on field 'options': rejected value [null]; codes [NotNull.quizDto.options,NotNull.options,NotNull.java.util.List,NotNull]; arguments [org.springframework.context.support.DefaultMessageSourceResolvable: codes [quizDto.options,options]; arguments []; default message [options]]; default message [must not be null]] ]
?[1;31m
Start test 62?[0m
?[0m?[0;34mHibernate: select user0_.id as id1_4_, user0_.password as password2_4_, user0_.role as role3_4_, user0_.email as email4_4_ from user user0_ where user0_.email=?
?[0m?[0;34m2023-07-02 21:19:39.851  WARN 13328 --- [nio-8889-exec-6] .w.s.m.s.DefaultHandlerExceptionResolver : Resolved [org.springframework.http.converter.HttpMessageNotReadableException: JSON parse error: Unexpected character ('"' (code 34)): was expecting comma to separate Object entries; nested exception is com.fasterxml.jackson.core.JsonParseException: Unexpected character ('"' (code 34)): was expecting comma to separate Object entries<LF> at [Source: (PushbackInputStream); line: 5, column: 4]]
?[1;31m
Start test 63?[0m
?[0m?[0;34mHibernate: select user0_.id as id1_4_, user0_.password as password2_4_, user0_.role as role3_4_, user0_.email as email4_4_ from user user0_ where user0_.email=?
?[0m?[0;34m2023-07-02 21:19:39.910  WARN 13328 --- [nio-8889-exec-7] .w.s.m.s.DefaultHandlerExceptionResolver : Resolved [org.springframework.http.converter.HttpMessageNotReadableException: JSON parse error: Unexpected character ('"' (code 34)): was expecting comma to separate Object entries; nested exception is com.fasterxml.jackson.core.JsonParseException: Unexpected character ('"' (code 34)): was expecting comma to separate Object entries<LF> at [Source: (PushbackInputStream); line: 5, column: 4]]
?[1;31m
Start test 64?[0m
?[0m?[0;34mHibernate: select user0_.id as id1_4_, user0_.password as password2_4_, user0_.role as role3_4_, user0_.email as email4_4_ from user user0_ where user0_.email=?
?[0m?[0;34mHibernate: select user0_.id as id1_4_0_, user0_.password as password2_4_0_, user0_.role as role3_4_0_, user0_.email as email4_4_0_ from user user0_ where user0_.id=?
?[0m?[0;34mHibernate: select rolesandau0_.user_id as user_id1_5_0_, rolesandau0_.roles_and_authorities as roles_an2_5_0_ from user_roles_and_authorities rolesandau0_ where rolesandau0_.user_id=?
?[0m?[0;34mHibernate: delete from user_roles_and_authorities where user_id=?
?[0m?[0;34mHibernate: insert into user_roles_and_authorities (user_id, roles_and_authorities) values (?, ?)
?[0m?[0;34mHibernate: insert into quiz (id, text, title, user_id) values (null, ?, ?, ?)
?[0m?[0;34mHibernate: insert into quiz_answer (quiz_id, answer) values (?, ?)
?[0m?[0;34mHibernate: insert into quiz_answer (quiz_id, answer) values (?, ?)
?[0m?[0;34mHibernate: insert into quiz_options (quiz_id, options) values (?, ?)
?[0m?[0;34mHibernate: insert into quiz_options (quiz_id, options) values (?, ?)
?[0m?[0;34mHibernate: insert into quiz_options (quiz_id, options) values (?, ?)
?[0m?[0;34mHibernate: insert into quiz_options (quiz_id, options) values (?, ?)
?[1;31m
Start test 65?[0m
?[0m?[0;34mHibernate: select user0_.id as id1_4_, user0_.password as password2_4_, user0_.role as role3_4_, user0_.email as email4_4_ from user user0_ where user0_.email=?
?[0m?[0;34mHibernate: select quiz0_.id as id1_0_0_, quiz0_.text as text2_0_0_, quiz0_.title as title3_0_0_, quiz0_.user_id as user_id4_0_0_, answer1_.quiz_id as quiz_id1_1_1_, answer1_.answer as answer2_1_1_ from quiz quiz0_ left outer join quiz_answer answer1_ on quiz0_.id=answer1_.quiz_id where quiz0_.id=?
?[0m?[0;34mHibernate: select options0_.quiz_id as quiz_id1_2_0_, options0_.options as options2_2_0_ from quiz_options options0_ where options0_.quiz_id=?
?[1;31m
Start test 66?[0m
?[0m?[0;34mHibernate: select user0_.id as id1_4_, user0_.password as password2_4_, user0_.role as role3_4_, user0_.email as email4_4_ from user user0_ where user0_.email=?
?[0m?[0;34mHibernate: select quiz0_.id as id1_0_0_, quiz0_.text as text2_0_0_, quiz0_.title as title3_0_0_, quiz0_.user_id as user_id4_0_0_, answer1_.quiz_id as quiz_id1_1_1_, answer1_.answer as answer2_1_1_ from quiz quiz0_ left outer join quiz_answer answer1_ on quiz0_.id=answer1_.quiz_id where quiz0_.id=?
?[1;31m
Start test 67?[0m
?[0m?[0;34mHibernate: select user0_.id as id1_4_, user0_.password as password2_4_, user0_.role as role3_4_, user0_.email as email4_4_ from user user0_ where user0_.email=?
?[0m?[0;34mHibernate: select quiz0_.id as id1_0_0_, quiz0_.text as text2_0_0_, quiz0_.title as title3_0_0_, quiz0_.user_id as user_id4_0_0_, answer1_.quiz_id as quiz_id1_1_1_, answer1_.answer as answer2_1_1_ from quiz quiz0_ left outer join quiz_answer answer1_ on quiz0_.id=answer1_.quiz_id where quiz0_.id=?
?[0m?[0;34mHibernate: select options0_.quiz_id as quiz_id1_2_0_, options0_.options as options2_2_0_ from quiz_options options0_ where options0_.quiz_id=?
?[1;31m
Start test 68?[0m
?[0m?[0;34mHibernate: select user0_.id as id1_4_, user0_.password as password2_4_, user0_.role as role3_4_, user0_.email as email4_4_ from user user0_ where user0_.email=?
?[0m?[0;34mHibernate: select quiz0_.id as id1_0_0_, quiz0_.text as text2_0_0_, quiz0_.title as title3_0_0_, quiz0_.user_id as user_id4_0_0_, answer1_.quiz_id as quiz_id1_1_1_, answer1_.answer as answer2_1_1_ from quiz quiz0_ left outer join quiz_answer answer1_ on quiz0_.id=answer1_.quiz_id where quiz0_.id=?
?[0m?[0;34mHibernate: select options0_.quiz_id as quiz_id1_2_0_, options0_.options as options2_2_0_ from quiz_options options0_ where options0_.quiz_id=?
?[1;31m
Start test 69?[0m
?[0m?[0;34mHibernate: select user0_.id as id1_4_, user0_.password as password2_4_, user0_.role as role3_4_, user0_.email as email4_4_ from user user0_ where user0_.email=?
?[0m?[0;34mHibernate: select quiz0_.id as id1_0_0_, quiz0_.text as text2_0_0_, quiz0_.title as title3_0_0_, quiz0_.user_id as user_id4_0_0_, answer1_.quiz_id as quiz_id1_1_1_, answer1_.answer as answer2_1_1_ from quiz quiz0_ left outer join quiz_answer answer1_ on quiz0_.id=answer1_.quiz_id where quiz0_.id=?
?[0m?[0;34mHibernate: select options0_.quiz_id as quiz_id1_2_0_, options0_.options as options2_2_0_ from quiz_options options0_ where options0_.quiz_id=?
?[1;31m
Start test 70?[0m
?[0m?[0;34mHibernate: select user0_.id as id1_4_, user0_.password as password2_4_, user0_.role as role3_4_, user0_.email as email4_4_ from user user0_ where user0_.email=?
?[0m?[0;34mHibernate: select quiz0_.id as id1_0_0_, quiz0_.text as text2_0_0_, quiz0_.title as title3_0_0_, quiz0_.user_id as user_id4_0_0_, answer1_.quiz_id as quiz_id1_1_1_, answer1_.answer as answer2_1_1_ from quiz quiz0_ left outer join quiz_answer answer1_ on quiz0_.id=answer1_.quiz_id where quiz0_.id=?
?[0m?[0;34mHibernate: select options0_.quiz_id as quiz_id1_2_0_, options0_.options as options2_2_0_ from quiz_options options0_ where options0_.quiz_id=?
?[1;31m
Start test 71?[0m
?[0m?[0;34mHibernate: select user0_.id as id1_4_, user0_.password as password2_4_, user0_.role as role3_4_, user0_.email as email4_4_ from user user0_ where user0_.email=?
?[0m?[0;34mHibernate: select quiz0_.id as id1_0_0_, quiz0_.text as text2_0_0_, quiz0_.title as title3_0_0_, quiz0_.user_id as user_id4_0_0_, answer1_.quiz_id as quiz_id1_1_1_, answer1_.answer as answer2_1_1_ from quiz quiz0_ left outer join quiz_answer answer1_ on quiz0_.id=answer1_.quiz_id where quiz0_.id=?
?[0m?[0;34mHibernate: select options0_.quiz_id as quiz_id1_2_0_, options0_.options as options2_2_0_ from quiz_options options0_ where options0_.quiz_id=?
?[1;31m
Start test 72?[0m
?[0m?[0;34mHibernate: select user0_.id as id1_4_, user0_.password as password2_4_, user0_.role as role3_4_, user0_.email as email4_4_ from user user0_ where user0_.email=?
?[0m?[0;34mHibernate: select quiz0_.id as id1_0_0_, quiz0_.text as text2_0_0_, quiz0_.title as title3_0_0_, quiz0_.user_id as user_id4_0_0_, answer1_.quiz_id as quiz_id1_1_1_, answer1_.answer as answer2_1_1_ from quiz quiz0_ left outer join quiz_answer answer1_ on quiz0_.id=answer1_.quiz_id where quiz0_.id=?
?[0m?[0;34mHibernate: select options0_.quiz_id as quiz_id1_2_0_, options0_.options as options2_2_0_ from quiz_options options0_ where options0_.quiz_id=?
?[0m?[0;34mHibernate: insert into solved_quiz (id, completed_at, quiz_id, user_id) values (null, ?, ?, ?)
?[1;31m
Start test 73?[0m
?[0m?[0;34mHibernate: select user0_.id as id1_4_, user0_.password as password2_4_, user0_.role as role3_4_, user0_.email as email4_4_ from user user0_ where user0_.email=?
?[0m?[0;34mHibernate: select quiz0_.id as id1_0_0_, quiz0_.text as text2_0_0_, quiz0_.title as title3_0_0_, quiz0_.user_id as user_id4_0_0_, answer1_.quiz_id as quiz_id1_1_1_, answer1_.answer as answer2_1_1_ from quiz quiz0_ left outer join quiz_answer answer1_ on quiz0_.id=answer1_.quiz_id where quiz0_.id=?
?[0m?[0;34mHibernate: select options0_.quiz_id as quiz_id1_2_0_, options0_.options as options2_2_0_ from quiz_options options0_ where options0_.quiz_id=?
?[1;31m
Start test 74?[0m
?[0m?[0;34mHibernate: select user0_.id as id1_4_, user0_.password as password2_4_, user0_.role as role3_4_, user0_.email as email4_4_ from user user0_ where user0_.email=?
?[0m?[0;34mHibernate: select quiz0_.id as id1_0_0_, quiz0_.text as text2_0_0_, quiz0_.title as title3_0_0_, quiz0_.user_id as user_id4_0_0_, answer1_.quiz_id as quiz_id1_1_1_, answer1_.answer as answer2_1_1_ from quiz quiz0_ left outer join quiz_answer answer1_ on quiz0_.id=answer1_.quiz_id where quiz0_.id=?
?[0m?[0;34mHibernate: select options0_.quiz_id as quiz_id1_2_0_, options0_.options as options2_2_0_ from quiz_options options0_ where options0_.quiz_id=?
?[1;31m
Start test 75?[0m
?[0m?[0;34mHibernate: select user0_.id as id1_4_, user0_.password as password2_4_, user0_.role as role3_4_, user0_.email as email4_4_ from user user0_ where user0_.email=?
?[0m?[0;34mHibernate: select quiz0_.id as id1_0_0_, quiz0_.text as text2_0_0_, quiz0_.title as title3_0_0_, quiz0_.user_id as user_id4_0_0_, answer1_.quiz_id as quiz_id1_1_1_, answer1_.answer as answer2_1_1_ from quiz quiz0_ left outer join quiz_answer answer1_ on quiz0_.id=answer1_.quiz_id where quiz0_.id=?
?[0m?[0;34mHibernate: select options0_.quiz_id as quiz_id1_2_0_, options0_.options as options2_2_0_ from quiz_options options0_ where options0_.quiz_id=?
?[1;31m
Start test 76?[0m
?[0m?[0;34mHibernate: select user0_.id as id1_4_, user0_.password as password2_4_, user0_.role as role3_4_, user0_.email as email4_4_ from user user0_ where user0_.email=?
?[0m?[0;34mHibernate: select quiz0_.id as id1_0_0_, quiz0_.text as text2_0_0_, quiz0_.title as title3_0_0_, quiz0_.user_id as user_id4_0_0_, answer1_.quiz_id as quiz_id1_1_1_, answer1_.answer as answer2_1_1_ from quiz quiz0_ left outer join quiz_answer answer1_ on quiz0_.id=answer1_.quiz_id where quiz0_.id=?
?[0m?[0;34mHibernate: select options0_.quiz_id as quiz_id1_2_0_, options0_.options as options2_2_0_ from quiz_options options0_ where options0_.quiz_id=?
?[1;31m
Start test 77?[0m
?[0m?[0;34mHibernate: select user0_.id as id1_4_, user0_.password as password2_4_, user0_.role as role3_4_, user0_.email as email4_4_ from user user0_ where user0_.email=?
?[0m?[0;34mHibernate: select quiz0_.id as id1_0_0_, quiz0_.text as text2_0_0_, quiz0_.title as title3_0_0_, quiz0_.user_id as user_id4_0_0_, answer1_.quiz_id as quiz_id1_1_1_, answer1_.answer as answer2_1_1_ from quiz quiz0_ left outer join quiz_answer answer1_ on quiz0_.id=answer1_.quiz_id where quiz0_.id=?
?[0m?[0;34mHibernate: select options0_.quiz_id as quiz_id1_2_0_, options0_.options as options2_2_0_ from quiz_options options0_ where options0_.quiz_id=?
?[1;31m
Start test 78?[0m
?[0m?[0;34mHibernate: select user0_.id as id1_4_, user0_.password as password2_4_, user0_.role as role3_4_, user0_.email as email4_4_ from user user0_ where user0_.email=?
?[0m?[0;34mHibernate: select quiz0_.id as id1_0_0_, quiz0_.text as text2_0_0_, quiz0_.title as title3_0_0_, quiz0_.user_id as user_id4_0_0_, answer1_.quiz_id as quiz_id1_1_1_, answer1_.answer as answer2_1_1_ from quiz quiz0_ left outer join quiz_answer answer1_ on quiz0_.id=answer1_.quiz_id where quiz0_.id=?
?[0m?[0;34mHibernate: select options0_.quiz_id as quiz_id1_2_0_, options0_.options as options2_2_0_ from quiz_options options0_ where options0_.quiz_id=?
?[1;31m
Start test 79?[0m
?[0m?[0;34mHibernate: select user0_.id as id1_4_, user0_.password as password2_4_, user0_.role as role3_4_, user0_.email as email4_4_ from user user0_ where user0_.email=?
?[0m?[0;34mHibernate: select quiz0_.id as id1_0_0_, quiz0_.text as text2_0_0_, quiz0_.title as title3_0_0_, quiz0_.user_id as user_id4_0_0_, answer1_.quiz_id as quiz_id1_1_1_, answer1_.answer as answer2_1_1_ from quiz quiz0_ left outer join quiz_answer answer1_ on quiz0_.id=answer1_.quiz_id where quiz0_.id=?
?[0m?[0;34mHibernate: select options0_.quiz_id as quiz_id1_2_0_, options0_.options as options2_2_0_ from quiz_options options0_ where options0_.quiz_id=?
?[1;31m
Start test 80?[0m
?[0m?[0;34mHibernate: select user0_.id as id1_4_, user0_.password as password2_4_, user0_.role as role3_4_, user0_.email as email4_4_ from user user0_ where user0_.email=?
?[0m?[0;34mHibernate: select quiz0_.id as id1_0_0_, quiz0_.text as text2_0_0_, quiz0_.title as title3_0_0_, quiz0_.user_id as user_id4_0_0_, answer1_.quiz_id as quiz_id1_1_1_, answer1_.answer as answer2_1_1_ from quiz quiz0_ left outer join quiz_answer answer1_ on quiz0_.id=answer1_.quiz_id where quiz0_.id=?
?[0m?[0;34mHibernate: select options0_.quiz_id as quiz_id1_2_0_, options0_.options as options2_2_0_ from quiz_options options0_ where options0_.quiz_id=?
?[1;31m
Start test 81?[0m
?[0m?[0;34mHibernate: select user0_.id as id1_4_, user0_.password as password2_4_, user0_.role as role3_4_, user0_.email as email4_4_ from user user0_ where user0_.email=?
?[0m?[0;34mHibernate: select quiz0_.id as id1_0_0_, quiz0_.text as text2_0_0_, quiz0_.title as title3_0_0_, quiz0_.user_id as user_id4_0_0_, answer1_.quiz_id as quiz_id1_1_1_, answer1_.answer as answer2_1_1_ from quiz quiz0_ left outer join quiz_answer answer1_ on quiz0_.id=answer1_.quiz_id where quiz0_.id=?
?[0m?[0;34mHibernate: select options0_.quiz_id as quiz_id1_2_0_, options0_.options as options2_2_0_ from quiz_options options0_ where options0_.quiz_id=?
?[1;31m
Start test 82?[0m
?[0m?[0;34mHibernate: select user0_.id as id1_4_, user0_.password as password2_4_, user0_.role as role3_4_, user0_.email as email4_4_ from user user0_ where user0_.email=?
?[0m?[0;34mHibernate: select user0_.id as id1_4_0_, user0_.password as password2_4_0_, user0_.role as role3_4_0_, user0_.email as email4_4_0_ from user user0_ where user0_.id=?
?[0m?[0;34mHibernate: select rolesandau0_.user_id as user_id1_5_0_, rolesandau0_.roles_and_authorities as roles_an2_5_0_ from user_roles_and_authorities rolesandau0_ where rolesandau0_.user_id=?
?[0m?[0;34mHibernate: delete from user_roles_and_authorities where user_id=?
?[0m?[0;34mHibernate: insert into user_roles_and_authorities (user_id, roles_and_authorities) values (?, ?)
?[0m?[0;34mHibernate: insert into quiz (id, text, title, user_id) values (null, ?, ?, ?)
?[0m?[0;34mHibernate: insert into quiz_answer (quiz_id, answer) values (?, ?)
?[0m?[0;34mHibernate: insert into quiz_answer (quiz_id, answer) values (?, ?)
?[0m?[0;34mHibernate: insert into quiz_options (quiz_id, options) values (?, ?)
?[0m?[0;34mHibernate: insert into quiz_options (quiz_id, options) values (?, ?)
?[0m?[0;34mHibernate: insert into quiz_options (quiz_id, options) values (?, ?)
?[0m?[0;34mHibernate: insert into quiz_options (quiz_id, options) values (?, ?)
?[1;31m
Start test 83?[0m
?[0m?[0;34mHibernate: select user0_.id as id1_4_, user0_.password as password2_4_, user0_.role as role3_4_, user0_.email as email4_4_ from user user0_ where user0_.email=?
?[0m?[0;34mHibernate: select quiz0_.id as id1_0_0_, quiz0_.text as text2_0_0_, quiz0_.title as title3_0_0_, quiz0_.user_id as user_id4_0_0_, answer1_.quiz_id as quiz_id1_1_1_, answer1_.answer as answer2_1_1_ from quiz quiz0_ left outer join quiz_answer answer1_ on quiz0_.id=answer1_.quiz_id where quiz0_.id=?
?[0m?[0;34mHibernate: select options0_.quiz_id as quiz_id1_2_0_, options0_.options as options2_2_0_ from quiz_options options0_ where options0_.quiz_id=?
?[1;31m
Start test 84?[0m
?[0m?[0;34mHibernate: select user0_.id as id1_4_, user0_.password as password2_4_, user0_.role as role3_4_, user0_.email as email4_4_ from user user0_ where user0_.email=?
?[0m?[0;34mHibernate: select quiz0_.id as id1_0_0_, quiz0_.text as text2_0_0_, quiz0_.title as title3_0_0_, quiz0_.user_id as user_id4_0_0_, answer1_.quiz_id as quiz_id1_1_1_, answer1_.answer as answer2_1_1_ from quiz quiz0_ left outer join quiz_answer answer1_ on quiz0_.id=answer1_.quiz_id where quiz0_.id=?
?[1;31m
Start test 85?[0m
?[0m?[0;34mHibernate: select user0_.id as id1_4_, user0_.password as password2_4_, user0_.role as role3_4_, user0_.email as email4_4_ from user user0_ where user0_.email=?
?[0m?[0;34mHibernate: select quiz0_.id as id1_0_0_, quiz0_.text as text2_0_0_, quiz0_.title as title3_0_0_, quiz0_.user_id as user_id4_0_0_, answer1_.quiz_id as quiz_id1_1_1_, answer1_.answer as answer2_1_1_ from quiz quiz0_ left outer join quiz_answer answer1_ on quiz0_.id=answer1_.quiz_id where quiz0_.id=?
?[0m?[0;34mHibernate: select options0_.quiz_id as quiz_id1_2_0_, options0_.options as options2_2_0_ from quiz_options options0_ where options0_.quiz_id=?
?[1;31m
Start test 86?[0m
?[0m?[0;34mHibernate: select user0_.id as id1_4_, user0_.password as password2_4_, user0_.role as role3_4_, user0_.email as email4_4_ from user user0_ where user0_.email=?
?[0m?[0;34mHibernate: select quiz0_.id as id1_0_0_, quiz0_.text as text2_0_0_, quiz0_.title as title3_0_0_, quiz0_.user_id as user_id4_0_0_, answer1_.quiz_id as quiz_id1_1_1_, answer1_.answer as answer2_1_1_ from quiz quiz0_ left outer join quiz_answer answer1_ on quiz0_.id=answer1_.quiz_id where quiz0_.id=?
?[0m?[0;34mHibernate: select options0_.quiz_id as quiz_id1_2_0_, options0_.options as options2_2_0_ from quiz_options options0_ where options0_.quiz_id=?
?[1;31m
Start test 87?[0m
?[0m?[0;34mHibernate: select user0_.id as id1_4_, user0_.password as password2_4_, user0_.role as role3_4_, user0_.email as email4_4_ from user user0_ where user0_.email=?
?[0m?[0;34mHibernate: select quiz0_.id as id1_0_0_, quiz0_.text as text2_0_0_, quiz0_.title as title3_0_0_, quiz0_.user_id as user_id4_0_0_, answer1_.quiz_id as quiz_id1_1_1_, answer1_.answer as answer2_1_1_ from quiz quiz0_ left outer join quiz_answer answer1_ on quiz0_.id=answer1_.quiz_id where quiz0_.id=?
?[0m?[0;34mHibernate: select options0_.quiz_id as quiz_id1_2_0_, options0_.options as options2_2_0_ from quiz_options options0_ where options0_.quiz_id=?
?[1;31m
Start test 88?[0m
?[0m?[0;34mHibernate: select user0_.id as id1_4_, user0_.password as password2_4_, user0_.role as role3_4_, user0_.email as email4_4_ from user user0_ where user0_.email=?
?[0m?[0;34mHibernate: select quiz0_.id as id1_0_0_, quiz0_.text as text2_0_0_, quiz0_.title as title3_0_0_, quiz0_.user_id as user_id4_0_0_, answer1_.quiz_id as quiz_id1_1_1_, answer1_.answer as answer2_1_1_ from quiz quiz0_ left outer join quiz_answer answer1_ on quiz0_.id=answer1_.quiz_id where quiz0_.id=?
?[0m?[0;34mHibernate: select options0_.quiz_id as quiz_id1_2_0_, options0_.options as options2_2_0_ from quiz_options options0_ where options0_.quiz_id=?
?[1;31m
Start test 89?[0m
?[0m?[0;34mHibernate: select user0_.id as id1_4_, user0_.password as password2_4_, user0_.role as role3_4_, user0_.email as email4_4_ from user user0_ where user0_.email=?
?[0m?[0;34mHibernate: select quiz0_.id as id1_0_0_, quiz0_.text as text2_0_0_, quiz0_.title as title3_0_0_, quiz0_.user_id as user_id4_0_0_, answer1_.quiz_id as quiz_id1_1_1_, answer1_.answer as answer2_1_1_ from quiz quiz0_ left outer join quiz_answer answer1_ on quiz0_.id=answer1_.quiz_id where quiz0_.id=?
?[0m?[0;34mHibernate: select options0_.quiz_id as quiz_id1_2_0_, options0_.options as options2_2_0_ from quiz_options options0_ where options0_.quiz_id=?
?[1;31m
Start test 90?[0m
?[0m?[0;34mHibernate: select user0_.id as id1_4_, user0_.password as password2_4_, user0_.role as role3_4_, user0_.email as email4_4_ from user user0_ where user0_.email=?
?[0m?[0;34mHibernate: select quiz0_.id as id1_0_0_, quiz0_.text as text2_0_0_, quiz0_.title as title3_0_0_, quiz0_.user_id as user_id4_0_0_, answer1_.quiz_id as quiz_id1_1_1_, answer1_.answer as answer2_1_1_ from quiz quiz0_ left outer join quiz_answer answer1_ on quiz0_.id=answer1_.quiz_id where quiz0_.id=?
?[0m?[0;34mHibernate: select options0_.quiz_id as quiz_id1_2_0_, options0_.options as options2_2_0_ from quiz_options options0_ where options0_.quiz_id=?
?[1;31m
Start test 91?[0m
?[0m?[0;34mHibernate: select user0_.id as id1_4_, user0_.password as password2_4_, user0_.role as role3_4_, user0_.email as email4_4_ from user user0_ where user0_.email=?
?[0m?[0;34mHibernate: select quiz0_.id as id1_0_0_, quiz0_.text as text2_0_0_, quiz0_.title as title3_0_0_, quiz0_.user_id as user_id4_0_0_, answer1_.quiz_id as quiz_id1_1_1_, answer1_.answer as answer2_1_1_ from quiz quiz0_ left outer join quiz_answer answer1_ on quiz0_.id=answer1_.quiz_id where quiz0_.id=?
?[0m?[0;34mHibernate: select options0_.quiz_id as quiz_id1_2_0_, options0_.options as options2_2_0_ from quiz_options options0_ where options0_.quiz_id=?
?[1;31m
Start test 92?[0m
?[0m?[0;34mHibernate: select user0_.id as id1_4_, user0_.password as password2_4_, user0_.role as role3_4_, user0_.email as email4_4_ from user user0_ where user0_.email=?
?[0m?[0;34mHibernate: select quiz0_.id as id1_0_0_, quiz0_.text as text2_0_0_, quiz0_.title as title3_0_0_, quiz0_.user_id as user_id4_0_0_, answer1_.quiz_id as quiz_id1_1_1_, answer1_.answer as answer2_1_1_ from quiz quiz0_ left outer join quiz_answer answer1_ on quiz0_.id=answer1_.quiz_id where quiz0_.id=?
?[0m?[0;34mHibernate: select options0_.quiz_id as quiz_id1_2_0_, options0_.options as options2_2_0_ from quiz_options options0_ where options0_.quiz_id=?
?[1;31m
Start test 93?[0m
?[0m?[0;34mHibernate: select user0_.id as id1_4_, user0_.password as password2_4_, user0_.role as role3_4_, user0_.email as email4_4_ from user user0_ where user0_.email=?
?[0m?[0;34mHibernate: select quiz0_.id as id1_0_0_, quiz0_.text as text2_0_0_, quiz0_.title as title3_0_0_, quiz0_.user_id as user_id4_0_0_, answer1_.quiz_id as quiz_id1_1_1_, answer1_.answer as answer2_1_1_ from quiz quiz0_ left outer join quiz_answer answer1_ on quiz0_.id=answer1_.quiz_id where quiz0_.id=?
?[0m?[0;34mHibernate: select options0_.quiz_id as quiz_id1_2_0_, options0_.options as options2_2_0_ from quiz_options options0_ where options0_.quiz_id=?
?[1;31m
Start test 94?[0m
?[0m?[0;34mHibernate: select user0_.id as id1_4_, user0_.password as password2_4_, user0_.role as role3_4_, user0_.email as email4_4_ from user user0_ where user0_.email=?
?[0m?[0;34mHibernate: select quiz0_.id as id1_0_0_, quiz0_.text as text2_0_0_, quiz0_.title as title3_0_0_, quiz0_.user_id as user_id4_0_0_, answer1_.quiz_id as quiz_id1_1_1_, answer1_.answer as answer2_1_1_ from quiz quiz0_ left outer join quiz_answer answer1_ on quiz0_.id=answer1_.quiz_id where quiz0_.id=?
?[0m?[0;34mHibernate: select options0_.quiz_id as quiz_id1_2_0_, options0_.options as options2_2_0_ from quiz_options options0_ where options0_.quiz_id=?
?[0m?[0;34mHibernate: insert into solved_quiz (id, completed_at, quiz_id, user_id) values (null, ?, ?, ?)
?[1;31m
Start test 95?[0m
?[0m?[0;34mHibernate: select user0_.id as id1_4_, user0_.password as password2_4_, user0_.role as role3_4_, user0_.email as email4_4_ from user user0_ where user0_.email=?
?[0m?[0;34mHibernate: select quiz0_.id as id1_0_0_, quiz0_.text as text2_0_0_, quiz0_.title as title3_0_0_, quiz0_.user_id as user_id4_0_0_, answer1_.quiz_id as quiz_id1_1_1_, answer1_.answer as answer2_1_1_ from quiz quiz0_ left outer join quiz_answer answer1_ on quiz0_.id=answer1_.quiz_id where quiz0_.id=?
?[0m?[0;34mHibernate: select options0_.quiz_id as quiz_id1_2_0_, options0_.options as options2_2_0_ from quiz_options options0_ where options0_.quiz_id=?
?[1;31m
Start test 96?[0m
?[0m?[0;34mHibernate: select user0_.id as id1_4_, user0_.password as password2_4_, user0_.role as role3_4_, user0_.email as email4_4_ from user user0_ where user0_.email=?
?[0m?[0;34mHibernate: select quiz0_.id as id1_0_0_, quiz0_.text as text2_0_0_, quiz0_.title as title3_0_0_, quiz0_.user_id as user_id4_0_0_, answer1_.quiz_id as quiz_id1_1_1_, answer1_.answer as answer2_1_1_ from quiz quiz0_ left outer join quiz_answer answer1_ on quiz0_.id=answer1_.quiz_id where quiz0_.id=?
?[0m?[0;34mHibernate: select options0_.quiz_id as quiz_id1_2_0_, options0_.options as options2_2_0_ from quiz_options options0_ where options0_.quiz_id=?
?[1;31m
Start test 97?[0m
?[0m?[0;34mHibernate: select user0_.id as id1_4_, user0_.password as password2_4_, user0_.role as role3_4_, user0_.email as email4_4_ from user user0_ where user0_.email=?
?[0m?[0;34mHibernate: select quiz0_.id as id1_0_0_, quiz0_.text as text2_0_0_, quiz0_.title as title3_0_0_, quiz0_.user_id as user_id4_0_0_, answer1_.quiz_id as quiz_id1_1_1_, answer1_.answer as answer2_1_1_ from quiz quiz0_ left outer join quiz_answer answer1_ on quiz0_.id=answer1_.quiz_id where quiz0_.id=?
?[0m?[0;34mHibernate: select options0_.quiz_id as quiz_id1_2_0_, options0_.options as options2_2_0_ from quiz_options options0_ where options0_.quiz_id=?
?[1;31m
Start test 98?[0m
?[0m?[0;34mHibernate: select user0_.id as id1_4_, user0_.password as password2_4_, user0_.role as role3_4_, user0_.email as email4_4_ from user user0_ where user0_.email=?
?[0m?[0;34mHibernate: select quiz0_.id as id1_0_0_, quiz0_.text as text2_0_0_, quiz0_.title as title3_0_0_, quiz0_.user_id as user_id4_0_0_, answer1_.quiz_id as quiz_id1_1_1_, answer1_.answer as answer2_1_1_ from quiz quiz0_ left outer join quiz_answer answer1_ on quiz0_.id=answer1_.quiz_id where quiz0_.id=?
?[0m?[0;34mHibernate: select options0_.quiz_id as quiz_id1_2_0_, options0_.options as options2_2_0_ from quiz_options options0_ where options0_.quiz_id=?
?[1;31m
Start test 99?[0m
?[0m?[0;34mHibernate: select user0_.id as id1_4_, user0_.password as password2_4_, user0_.role as role3_4_, user0_.email as email4_4_ from user user0_ where user0_.email=?
?[0m?[0;34mHibernate: select quiz0_.id as id1_0_0_, quiz0_.text as text2_0_0_, quiz0_.title as title3_0_0_, quiz0_.user_id as user_id4_0_0_, answer1_.quiz_id as quiz_id1_1_1_, answer1_.answer as answer2_1_1_ from quiz quiz0_ left outer join quiz_answer answer1_ on quiz0_.id=answer1_.quiz_id where quiz0_.id=?
?[0m?[0;34mHibernate: select options0_.quiz_id as quiz_id1_2_0_, options0_.options as options2_2_0_ from quiz_options options0_ where options0_.quiz_id=?
?[1;31m
Start test 100?[0m
?[0m?[0;34mHibernate: select user0_.id as id1_4_, user0_.password as password2_4_, user0_.role as role3_4_, user0_.email as email4_4_ from user user0_ where user0_.email=?
?[0m?[0;34mHibernate: select user0_.id as id1_4_0_, user0_.password as password2_4_0_, user0_.role as role3_4_0_, user0_.email as email4_4_0_ from user user0_ where user0_.id=?
?[0m?[0;34mHibernate: select rolesandau0_.user_id as user_id1_5_0_, rolesandau0_.roles_and_authorities as roles_an2_5_0_ from user_roles_and_authorities rolesandau0_ where rolesandau0_.user_id=?
?[0m?[0;34mHibernate: delete from user_roles_and_authorities where user_id=?
?[0m?[0;34mHibernate: insert into user_roles_and_authorities (user_id, roles_and_authorities) values (?, ?)
?[0m?[0;34mHibernate: insert into quiz (id, text, title, user_id) values (null, ?, ?, ?)
?[0m?[0;34mHibernate: insert into quiz_options (quiz_id, options) values (?, ?)
?[0m?[0;34mHibernate: insert into quiz_options (quiz_id, options) values (?, ?)
?[0m?[0;34mHibernate: insert into quiz_options (quiz_id, options) values (?, ?)
?[0m?[0;34mHibernate: insert into quiz_options (quiz_id, options) values (?, ?)
?[1;31m
Start test 101?[0m
?[0m?[0;34mHibernate: select user0_.id as id1_4_, user0_.password as password2_4_, user0_.role as role3_4_, user0_.email as email4_4_ from user user0_ where user0_.email=?
?[0m?[0;34mHibernate: select quiz0_.id as id1_0_0_, quiz0_.text as text2_0_0_, quiz0_.title as title3_0_0_, quiz0_.user_id as user_id4_0_0_, answer1_.quiz_id as quiz_id1_1_1_, answer1_.answer as answer2_1_1_ from quiz quiz0_ left outer join quiz_answer answer1_ on quiz0_.id=answer1_.quiz_id where quiz0_.id=?
?[0m?[0;34mHibernate: select options0_.quiz_id as quiz_id1_2_0_, options0_.options as options2_2_0_ from quiz_options options0_ where options0_.quiz_id=?
?[1;31m
Start test 102?[0m
?[0m?[0;34mHibernate: select user0_.id as id1_4_, user0_.password as password2_4_, user0_.role as role3_4_, user0_.email as email4_4_ from user user0_ where user0_.email=?
?[0m?[0;34mHibernate: select quiz0_.id as id1_0_0_, quiz0_.text as text2_0_0_, quiz0_.title as title3_0_0_, quiz0_.user_id as user_id4_0_0_, answer1_.quiz_id as quiz_id1_1_1_, answer1_.answer as answer2_1_1_ from quiz quiz0_ left outer join quiz_answer answer1_ on quiz0_.id=answer1_.quiz_id where quiz0_.id=?
?[1;31m
Start test 103?[0m
?[0m?[0;34mHibernate: select user0_.id as id1_4_, user0_.password as password2_4_, user0_.role as role3_4_, user0_.email as email4_4_ from user user0_ where user0_.email=?
?[0m?[0;34mHibernate: select quiz0_.id as id1_0_0_, quiz0_.text as text2_0_0_, quiz0_.title as title3_0_0_, quiz0_.user_id as user_id4_0_0_, answer1_.quiz_id as quiz_id1_1_1_, answer1_.answer as answer2_1_1_ from quiz quiz0_ left outer join quiz_answer answer1_ on quiz0_.id=answer1_.quiz_id where quiz0_.id=?
?[0m?[0;34mHibernate: select options0_.quiz_id as quiz_id1_2_0_, options0_.options as options2_2_0_ from quiz_options options0_ where options0_.quiz_id=?
?[0m?[0;34mHibernate: insert into solved_quiz (id, completed_at, quiz_id, user_id) values (null, ?, ?, ?)
?[1;31m
Start test 104?[0m
?[0m?[0;34mHibernate: select user0_.id as id1_4_, user0_.password as password2_4_, user0_.role as role3_4_, user0_.email as email4_4_ from user user0_ where user0_.email=?
?[0m?[0;34mHibernate: select quiz0_.id as id1_0_0_, quiz0_.text as text2_0_0_, quiz0_.title as title3_0_0_, quiz0_.user_id as user_id4_0_0_, answer1_.quiz_id as quiz_id1_1_1_, answer1_.answer as answer2_1_1_ from quiz quiz0_ left outer join quiz_answer answer1_ on quiz0_.id=answer1_.quiz_id where quiz0_.id=?
?[0m?[0;34mHibernate: select options0_.quiz_id as quiz_id1_2_0_, options0_.options as options2_2_0_ from quiz_options options0_ where options0_.quiz_id=?
?[1;31m
Start test 105?[0m
?[0m?[0;34mHibernate: select user0_.id as id1_4_, user0_.password as password2_4_, user0_.role as role3_4_, user0_.email as email4_4_ from user user0_ where user0_.email=?
?[0m?[0;34mHibernate: select quiz0_.id as id1_0_0_, quiz0_.text as text2_0_0_, quiz0_.title as title3_0_0_, quiz0_.user_id as user_id4_0_0_, answer1_.quiz_id as quiz_id1_1_1_, answer1_.answer as answer2_1_1_ from quiz quiz0_ left outer join quiz_answer answer1_ on quiz0_.id=answer1_.quiz_id where quiz0_.id=?
?[0m?[0;34mHibernate: select options0_.quiz_id as quiz_id1_2_0_, options0_.options as options2_2_0_ from quiz_options options0_ where options0_.quiz_id=?
?[1;31m
Start test 106?[0m
?[0m?[0;34mHibernate: select user0_.id as id1_4_, user0_.password as password2_4_, user0_.role as role3_4_, user0_.email as email4_4_ from user user0_ where user0_.email=?
?[0m?[0;34mHibernate: select quiz0_.id as id1_0_0_, quiz0_.text as text2_0_0_, quiz0_.title as title3_0_0_, quiz0_.user_id as user_id4_0_0_, answer1_.quiz_id as quiz_id1_1_1_, answer1_.answer as answer2_1_1_ from quiz quiz0_ left outer join quiz_answer answer1_ on quiz0_.id=answer1_.quiz_id where quiz0_.id=?
?[0m?[0;34mHibernate: select options0_.quiz_id as quiz_id1_2_0_, options0_.options as options2_2_0_ from quiz_options options0_ where options0_.quiz_id=?
?[1;31m
Start test 107?[0m
?[0m?[0;34mHibernate: select user0_.id as id1_4_, user0_.password as password2_4_, user0_.role as role3_4_, user0_.email as email4_4_ from user user0_ where user0_.email=?
?[0m?[0;34mHibernate: select quiz0_.id as id1_0_0_, quiz0_.text as text2_0_0_, quiz0_.title as title3_0_0_, quiz0_.user_id as user_id4_0_0_, answer1_.quiz_id as quiz_id1_1_1_, answer1_.answer as answer2_1_1_ from quiz quiz0_ left outer join quiz_answer answer1_ on quiz0_.id=answer1_.quiz_id where quiz0_.id=?
?[0m?[0;34mHibernate: select options0_.quiz_id as quiz_id1_2_0_, options0_.options as options2_2_0_ from quiz_options options0_ where options0_.quiz_id=?
?[1;31m
Start test 108?[0m
?[0m?[0;34mHibernate: select user0_.id as id1_4_, user0_.password as password2_4_, user0_.role as role3_4_, user0_.email as email4_4_ from user user0_ where user0_.email=?
?[0m?[0;34mHibernate: select quiz0_.id as id1_0_0_, quiz0_.text as text2_0_0_, quiz0_.title as title3_0_0_, quiz0_.user_id as user_id4_0_0_, answer1_.quiz_id as quiz_id1_1_1_, answer1_.answer as answer2_1_1_ from quiz quiz0_ left outer join quiz_answer answer1_ on quiz0_.id=answer1_.quiz_id where quiz0_.id=?
?[0m?[0;34mHibernate: select options0_.quiz_id as quiz_id1_2_0_, options0_.options as options2_2_0_ from quiz_options options0_ where options0_.quiz_id=?
?[1;31m
Start test 109?[0m
?[0m?[0;34mHibernate: select user0_.id as id1_4_, user0_.password as password2_4_, user0_.role as role3_4_, user0_.email as email4_4_ from user user0_ where user0_.email=?
?[0m?[0;34mHibernate: select quiz0_.id as id1_0_0_, quiz0_.text as text2_0_0_, quiz0_.title as title3_0_0_, quiz0_.user_id as user_id4_0_0_, answer1_.quiz_id as quiz_id1_1_1_, answer1_.answer as answer2_1_1_ from quiz quiz0_ left outer join quiz_answer answer1_ on quiz0_.id=answer1_.quiz_id where quiz0_.id=?
?[0m?[0;34mHibernate: select options0_.quiz_id as quiz_id1_2_0_, options0_.options as options2_2_0_ from quiz_options options0_ where options0_.quiz_id=?
?[1;31m
Start test 110?[0m
?[0m?[0;34mHibernate: select user0_.id as id1_4_, user0_.password as password2_4_, user0_.role as role3_4_, user0_.email as email4_4_ from user user0_ where user0_.email=?
?[0m?[0;34mHibernate: select quiz0_.id as id1_0_0_, quiz0_.text as text2_0_0_, quiz0_.title as title3_0_0_, quiz0_.user_id as user_id4_0_0_, answer1_.quiz_id as quiz_id1_1_1_, answer1_.answer as answer2_1_1_ from quiz quiz0_ left outer join quiz_answer answer1_ on quiz0_.id=answer1_.quiz_id where quiz0_.id=?
?[0m?[0;34mHibernate: select options0_.quiz_id as quiz_id1_2_0_, options0_.options as options2_2_0_ from quiz_options options0_ where options0_.quiz_id=?
?[1;31m
Start test 111?[0m
?[0m?[0;34mHibernate: select user0_.id as id1_4_, user0_.password as password2_4_, user0_.role as role3_4_, user0_.email as email4_4_ from user user0_ where user0_.email=?
?[0m?[0;34mHibernate: select quiz0_.id as id1_0_0_, quiz0_.text as text2_0_0_, quiz0_.title as title3_0_0_, quiz0_.user_id as user_id4_0_0_, answer1_.quiz_id as quiz_id1_1_1_, answer1_.answer as answer2_1_1_ from quiz quiz0_ left outer join quiz_answer answer1_ on quiz0_.id=answer1_.quiz_id where quiz0_.id=?
?[0m?[0;34mHibernate: select options0_.quiz_id as quiz_id1_2_0_, options0_.options as options2_2_0_ from quiz_options options0_ where options0_.quiz_id=?
?[1;31m
Start test 112?[0m
?[0m?[0;34mHibernate: select user0_.id as id1_4_, user0_.password as password2_4_, user0_.role as role3_4_, user0_.email as email4_4_ from user user0_ where user0_.email=?
?[0m?[0;34mHibernate: select quiz0_.id as id1_0_0_, quiz0_.text as text2_0_0_, quiz0_.title as title3_0_0_, quiz0_.user_id as user_id4_0_0_, answer1_.quiz_id as quiz_id1_1_1_, answer1_.answer as answer2_1_1_ from quiz quiz0_ left outer join quiz_answer answer1_ on quiz0_.id=answer1_.quiz_id where quiz0_.id=?
?[0m?[0;34mHibernate: select options0_.quiz_id as quiz_id1_2_0_, options0_.options as options2_2_0_ from quiz_options options0_ where options0_.quiz_id=?
?[1;31m
Start test 113?[0m
?[0m?[0;34mHibernate: select user0_.id as id1_4_, user0_.password as password2_4_, user0_.role as role3_4_, user0_.email as email4_4_ from user user0_ where user0_.email=?
[...]
?[0m?[0;34mHibernate: insert into quiz_answer (quiz_id, answer) values (?, ?)
?[0m?[0;34mHibernate: insert into quiz_answer (quiz_id, answer) values (?, ?)
?[0m?[0;34mHibernate: insert into quiz_answer (quiz_id, answer) values (?, ?)
?[0m?[0;34mHibernate: insert into quiz_options (quiz_id, options) values (?, ?)
?[0m?[0;34mHibernate: insert into quiz_options (quiz_id, options) values (?, ?)
?[0m?[0;34mHibernate: insert into quiz_options (quiz_id, options) values (?, ?)
?[0m?[0;34mHibernate: insert into quiz_options (quiz_id, options) values (?, ?)
?[1;31m
Start test 222?[0m
?[0;34mHibernate: select user0_.id as id1_4_, user0_.password as password2_4_, user0_.role as role3_4_, user0_.email as email4_4_ from user user0_ where user0_.email=?
?[0m?[0;34mHibernate: select user0_.id as id1_4_0_, user0_.password as password2_4_0_, user0_.role as role3_4_0_, user0_.email as email4_4_0_ from user user0_ where user0_.id=?
?[0m?[0;34mHibernate: select rolesandau0_.user_id as user_id1_5_0_, rolesandau0_.roles_and_authorities as roles_an2_5_0_ from user_roles_and_authorities rolesandau0_ where rolesandau0_.user_id=?
?[0m?[0;34mHibernate: delete from user_roles_and_authorities where user_id=?
?[0m?[0;34mHibernate: insert into user_roles_and_authorities (user_id, roles_and_authorities) values (?, ?)
?[0m?[0;34mHibernate: insert into quiz (id, text, title, user_id) values (null, ?, ?, ?)
?[0m?[0;34mHibernate: insert into quiz_answer (quiz_id, answer) values (?, ?)
?[0m?[0;34mHibernate: insert into quiz_answer (quiz_id, answer) values (?, ?)
?[0m?[0;34mHibernate: insert into quiz_answer (quiz_id, answer) values (?, ?)
?[0m?[0;34mHibernate: insert into quiz_options (quiz_id, options) values (?, ?)
?[0m?[0;34mHibernate: insert into quiz_options (quiz_id, options) values (?, ?)
?[0m?[0;34mHibernate: insert into quiz_options (quiz_id, options) values (?, ?)
?[0m?[0;34mHibernate: insert into quiz_options (quiz_id, options) values (?, ?)
?[1;31m
Start test 223?[0m
?[0;34mHibernate: select user0_.id as id1_4_, user0_.password as password2_4_, user0_.role as role3_4_, user0_.email as email4_4_ from user user0_ where user0_.email=?
?[0m?[0;34mHibernate: select user0_.id as id1_4_0_, user0_.password as password2_4_0_, user0_.role as role3_4_0_, user0_.email as email4_4_0_ from user user0_ where user0_.id=?
?[0m?[0;34mHibernate: select rolesandau0_.user_id as user_id1_5_0_, rolesandau0_.roles_and_authorities as roles_an2_5_0_ from user_roles_and_authorities rolesandau0_ where rolesandau0_.user_id=?
?[0m?[0;34mHibernate: delete from user_roles_and_authorities where user_id=?
?[0m?[0;34mHibernate: insert into user_roles_and_authorities (user_id, roles_and_authorities) values (?, ?)
?[0m?[0;34mHibernate: insert into quiz (id, text, title, user_id) values (null, ?, ?, ?)
?[0m?[0;34mHibernate: insert into quiz_answer (quiz_id, answer) values (?, ?)
?[0m?[0;34mHibernate: insert into quiz_answer (quiz_id, answer) values (?, ?)
?[0m?[0;34mHibernate: insert into quiz_answer (quiz_id, answer) values (?, ?)
?[0m?[0;34mHibernate: insert into quiz_options (quiz_id, options) values (?, ?)
?[0m?[0;34mHibernate: insert into quiz_options (quiz_id, options) values (?, ?)
?[0m?[0;34mHibernate: insert into quiz_options (quiz_id, options) values (?, ?)
?[0m?[0;34mHibernate: insert into quiz_options (quiz_id, options) values (?, ?)
?[1;31m
Start test 224?[0m
?[0;34mHibernate: select user0_.id as id1_4_, user0_.password as password2_4_, user0_.role as role3_4_, user0_.email as email4_4_ from user user0_ where user0_.email=?
?[0m?[0;34mHibernate: select user0_.id as id1_4_0_, user0_.password as password2_4_0_, user0_.role as role3_4_0_, user0_.email as email4_4_0_ from user user0_ where user0_.id=?
?[0m?[0;34mHibernate: select rolesandau0_.user_id as user_id1_5_0_, rolesandau0_.roles_and_authorities as roles_an2_5_0_ from user_roles_and_authorities rolesandau0_ where rolesandau0_.user_id=?
?[0m?[0;34mHibernate: delete from user_roles_and_authorities where user_id=?
?[0m?[0;34mHibernate: insert into user_roles_and_authorities (user_id, roles_and_authorities) values (?, ?)
?[0m?[0;34mHibernate: insert into quiz (id, text, title, user_id) values (null, ?, ?, ?)
?[0m?[0;34mHibernate: insert into quiz_answer (quiz_id, answer) values (?, ?)
?[0m?[0;34mHibernate: insert into quiz_answer (quiz_id, answer) values (?, ?)
?[0m?[0;34mHibernate: insert into quiz_answer (quiz_id, answer) values (?, ?)
?[0m?[0;34mHibernate: insert into quiz_options (quiz_id, options) values (?, ?)
?[0m?[0;34mHibernate: insert into quiz_options (quiz_id, options) values (?, ?)
?[0m?[0;34mHibernate: insert into quiz_options (quiz_id, options) values (?, ?)
?[0m?[0;34mHibernate: insert into quiz_options (quiz_id, options) values (?, ?)
?[1;31m
Start test 225?[0m
?[0;34mHibernate: select user0_.id as id1_4_, user0_.password as password2_4_, user0_.role as role3_4_, user0_.email as email4_4_ from user user0_ where user0_.email=?
?[0m?[0;34mHibernate: select user0_.id as id1_4_0_, user0_.password as password2_4_0_, user0_.role as role3_4_0_, user0_.email as email4_4_0_ from user user0_ where user0_.id=?
?[0m?[0;34mHibernate: select rolesandau0_.user_id as user_id1_5_0_, rolesandau0_.roles_and_authorities as roles_an2_5_0_ from user_roles_and_authorities rolesandau0_ where rolesandau0_.user_id=?
?[0m?[0;34mHibernate: delete from user_roles_and_authorities where user_id=?
?[0m?[0;34mHibernate: insert into user_roles_and_authorities (user_id, roles_and_authorities) values (?, ?)
?[0m?[0;34mHibernate: insert into quiz (id, text, title, user_id) values (null, ?, ?, ?)
?[0m?[0;34mHibernate: insert into quiz_answer (quiz_id, answer) values (?, ?)
?[0m?[0;34mHibernate: insert into quiz_answer (quiz_id, answer) values (?, ?)
?[0m?[0;34mHibernate: insert into quiz_answer (quiz_id, answer) values (?, ?)
?[0m?[0;34mHibernate: insert into quiz_options (quiz_id, options) values (?, ?)
?[0m?[0;34mHibernate: insert into quiz_options (quiz_id, options) values (?, ?)
?[0m?[0;34mHibernate: insert into quiz_options (quiz_id, options) values (?, ?)
?[0m?[0;34mHibernate: insert into quiz_options (quiz_id, options) values (?, ?)
?[1;31m
Start test 226?[0m
?[0m?[0;34mHibernate: select user0_.id as id1_4_, user0_.password as password2_4_, user0_.role as role3_4_, user0_.email as email4_4_ from user user0_ where user0_.email=?
?[0m?[0;34mHibernate: select user0_.id as id1_4_0_, user0_.password as password2_4_0_, user0_.role as role3_4_0_, user0_.email as email4_4_0_ from user user0_ where user0_.id=?
?[0m?[0;34mHibernate: select rolesandau0_.user_id as user_id1_5_0_, rolesandau0_.roles_and_authorities as roles_an2_5_0_ from user_roles_and_authorities rolesandau0_ where rolesandau0_.user_id=?
?[0m?[0;34mHibernate: delete from user_roles_and_authorities where user_id=?
?[0m?[0;34mHibernate: insert into user_roles_and_authorities (user_id, roles_and_authorities) values (?, ?)
?[0m?[0;34mHibernate: insert into quiz (id, text, title, user_id) values (null, ?, ?, ?)
?[0m?[0;34mHibernate: insert into quiz_answer (quiz_id, answer) values (?, ?)
?[0m?[0;34mHibernate: insert into quiz_answer (quiz_id, answer) values (?, ?)
?[0m?[0;34mHibernate: insert into quiz_answer (quiz_id, answer) values (?, ?)
?[0m?[0;34mHibernate: insert into quiz_options (quiz_id, options) values (?, ?)
?[0m?[0;34mHibernate: insert into quiz_options (quiz_id, options) values (?, ?)
?[0m?[0;34mHibernate: insert into quiz_options (quiz_id, options) values (?, ?)
?[0m?[0;34mHibernate: insert into quiz_options (quiz_id, options) values (?, ?)
?[1;31m
Start test 227?[0m
?[0m?[0;34mHibernate: select user0_.id as id1_4_, user0_.password as password2_4_, user0_.role as role3_4_, user0_.email as email4_4_ from user user0_ where user0_.email=?
?[0m?[0;34mHibernate: select user0_.id as id1_4_0_, user0_.password as password2_4_0_, user0_.role as role3_4_0_, user0_.email as email4_4_0_ from user user0_ where user0_.id=?
?[0m?[0;34mHibernate: select rolesandau0_.user_id as user_id1_5_0_, rolesandau0_.roles_and_authorities as roles_an2_5_0_ from user_roles_and_authorities rolesandau0_ where rolesandau0_.user_id=?
?[0m?[0;34mHibernate: delete from user_roles_and_authorities where user_id=?
?[0m?[0;34mHibernate: insert into user_roles_and_authorities (user_id, roles_and_authorities) values (?, ?)
?[0m?[0;34mHibernate: insert into quiz (id, text, title, user_id) values (null, ?, ?, ?)
?[0m?[0;34mHibernate: insert into quiz_answer (quiz_id, answer) values (?, ?)
?[0m?[0;34mHibernate: insert into quiz_answer (quiz_id, answer) values (?, ?)
?[0m?[0;34mHibernate: insert into quiz_answer (quiz_id, answer) values (?, ?)
?[0m?[0;34mHibernate: insert into quiz_options (quiz_id, options) values (?, ?)
?[0m?[0;34mHibernate: insert into quiz_options (quiz_id, options) values (?, ?)
?[0m?[0;34mHibernate: insert into quiz_options (quiz_id, options) values (?, ?)
?[0m?[0;34mHibernate: insert into quiz_options (quiz_id, options) values (?, ?)
?[1;31m
Start test 228?[0m
?[0m?[0;34mHibernate: select user0_.id as id1_4_, user0_.password as password2_4_, user0_.role as role3_4_, user0_.email as email4_4_ from user user0_ where user0_.email=?
?[0m?[0;34mHibernate: select user0_.id as id1_4_0_, user0_.password as password2_4_0_, user0_.role as role3_4_0_, user0_.email as email4_4_0_ from user user0_ where user0_.id=?
?[0m?[0;34mHibernate: select rolesandau0_.user_id as user_id1_5_0_, rolesandau0_.roles_and_authorities as roles_an2_5_0_ from user_roles_and_authorities rolesandau0_ where rolesandau0_.user_id=?
?[0m?[0;34mHibernate: delete from user_roles_and_authorities where user_id=?
?[0m?[0;34mHibernate: insert into user_roles_and_authorities (user_id, roles_and_authorities) values (?, ?)
?[0m?[0;34mHibernate: insert into quiz (id, text, title, user_id) values (null, ?, ?, ?)
?[0m?[0;34mHibernate: insert into quiz_answer (quiz_id, answer) values (?, ?)
?[0m?[0;34mHibernate: insert into quiz_answer (quiz_id, answer) values (?, ?)
?[0m?[0;34mHibernate: insert into quiz_answer (quiz_id, answer) values (?, ?)
?[0m?[0;34mHibernate: insert into quiz_options (quiz_id, options) values (?, ?)
?[0m?[0;34mHibernate: insert into quiz_options (quiz_id, options) values (?, ?)
?[0m?[0;34mHibernate: insert into quiz_options (quiz_id, options) values (?, ?)
?[0m?[0;34mHibernate: insert into quiz_options (quiz_id, options) values (?, ?)
?[1;31m
Start test 229?[0m
?[0m?[0;34mHibernate: select user0_.id as id1_4_, user0_.password as password2_4_, user0_.role as role3_4_, user0_.email as email4_4_ from user user0_ where user0_.email=?
?[0m?[0;34mHibernate: select user0_.id as id1_4_0_, user0_.password as password2_4_0_, user0_.role as role3_4_0_, user0_.email as email4_4_0_ from user user0_ where user0_.id=?
?[0m?[0;34mHibernate: select rolesandau0_.user_id as user_id1_5_0_, rolesandau0_.roles_and_authorities as roles_an2_5_0_ from user_roles_and_authorities rolesandau0_ where rolesandau0_.user_id=?
?[0m?[0;34mHibernate: delete from user_roles_and_authorities where user_id=?
?[0m?[0;34mHibernate: insert into user_roles_and_authorities (user_id, roles_and_authorities) values (?, ?)
?[0m?[0;34mHibernate: insert into quiz (id, text, title, user_id) values (null, ?, ?, ?)
?[0m?[0;34mHibernate: insert into quiz_answer (quiz_id, answer) values (?, ?)
?[0m?[0;34mHibernate: insert into quiz_answer (quiz_id, answer) values (?, ?)
?[0m?[0;34mHibernate: insert into quiz_answer (quiz_id, answer) values (?, ?)
?[0m?[0;34mHibernate: insert into quiz_options (quiz_id, options) values (?, ?)
?[0m?[0;34mHibernate: insert into quiz_options (quiz_id, options) values (?, ?)
?[0m?[0;34mHibernate: insert into quiz_options (quiz_id, options) values (?, ?)
?[0m?[0;34mHibernate: insert into quiz_options (quiz_id, options) values (?, ?)
?[1;31m
Start test 230?[0m
?[0m?[0;34mHibernate: select user0_.id as id1_4_, user0_.password as password2_4_, user0_.role as role3_4_, user0_.email as email4_4_ from user user0_ where user0_.email=?
?[0m?[0;34mHibernate: select user0_.id as id1_4_0_, user0_.password as password2_4_0_, user0_.role as role3_4_0_, user0_.email as email4_4_0_ from user user0_ where user0_.id=?
?[0m?[0;34mHibernate: select rolesandau0_.user_id as user_id1_5_0_, rolesandau0_.roles_and_authorities as roles_an2_5_0_ from user_roles_and_authorities rolesandau0_ where rolesandau0_.user_id=?
?[0m?[0;34mHibernate: delete from user_roles_and_authorities where user_id=?
?[0m?[0;34mHibernate: insert into user_roles_and_authorities (user_id, roles_and_authorities) values (?, ?)
?[0m?[0;34mHibernate: insert into quiz (id, text, title, user_id) values (null, ?, ?, ?)
?[0m?[0;34mHibernate: insert into quiz_answer (quiz_id, answer) values (?, ?)
?[0m?[0;34mHibernate: insert into quiz_answer (quiz_id, answer) values (?, ?)
?[0m?[0;34mHibernate: insert into quiz_answer (quiz_id, answer) values (?, ?)
?[0m?[0;34mHibernate: insert into quiz_options (quiz_id, options) values (?, ?)
?[0m?[0;34mHibernate: insert into quiz_options (quiz_id, options) values (?, ?)
?[0m?[0;34mHibernate: insert into quiz_options (quiz_id, options) values (?, ?)
?[0m?[0;34mHibernate: insert into quiz_options (quiz_id, options) values (?, ?)
?[1;31m
Start test 231?[0m
?[0m?[0;34mHibernate: select user0_.id as id1_4_, user0_.password as password2_4_, user0_.role as role3_4_, user0_.email as email4_4_ from user user0_ where user0_.email=?
?[0m?[0;34mHibernate: select quiz0_.id as id1_0_, quiz0_.text as text2_0_, quiz0_.title as title3_0_, quiz0_.user_id as user_id4_0_ from quiz quiz0_ limit ?
?[0m?[0;34mHibernate: select options0_.quiz_id as quiz_id1_2_0_, options0_.options as options2_2_0_ from quiz_options options0_ where options0_.quiz_id in (select quiz0_.id from quiz quiz0_)
?[0m?[0;34mHibernate: select answer0_.quiz_id as quiz_id1_1_0_, answer0_.answer as answer2_1_0_ from quiz_answer answer0_ where answer0_.quiz_id=?
?[0m?[0;34mHibernate: select answer0_.quiz_id as quiz_id1_1_0_, answer0_.answer as answer2_1_0_ from quiz_answer answer0_ where answer0_.quiz_id=?
?[0m?[0;34mHibernate: select answer0_.quiz_id as quiz_id1_1_0_, answer0_.answer as answer2_1_0_ from quiz_answer answer0_ where answer0_.quiz_id=?
?[0m?[0;34mHibernate: select answer0_.quiz_id as quiz_id1_1_0_, answer0_.answer as answer2_1_0_ from quiz_answer answer0_ where answer0_.quiz_id=?
?[0m?[0;34mHibernate: select answer0_.quiz_id as quiz_id1_1_0_, answer0_.answer as answer2_1_0_ from quiz_answer answer0_ where answer0_.quiz_id=?
?[0m?[0;34mHibernate: select answer0_.quiz_id as quiz_id1_1_0_, answer0_.answer as answer2_1_0_ from quiz_answer answer0_ where answer0_.quiz_id=?
?[0m?[0;34mHibernate: select answer0_.quiz_id as quiz_id1_1_0_, answer0_.answer as answer2_1_0_ from quiz_answer answer0_ where answer0_.quiz_id=?
?[0m?[0;34mHibernate: select answer0_.quiz_id as quiz_id1_1_0_, answer0_.answer as answer2_1_0_ from quiz_answer answer0_ where answer0_.quiz_id=?
?[0m?[0;34mHibernate: select answer0_.quiz_id as quiz_id1_1_0_, answer0_.answer as answer2_1_0_ from quiz_answer answer0_ where answer0_.quiz_id=?
?[0m?[0;34mHibernate: select answer0_.quiz_id as quiz_id1_1_0_, answer0_.answer as answer2_1_0_ from quiz_answer answer0_ where answer0_.quiz_id=?
?[0m?[0;34mHibernate: select count(quiz0_.id) as col_0_0_ from quiz quiz0_
?[1;31m
Start test 232?[0m
?[0m?[0;34mHibernate: select user0_.id as id1_4_, user0_.password as password2_4_, user0_.role as role3_4_, user0_.email as email4_4_ from user user0_ where user0_.email=?
?[0m?[0;34mHibernate: select quiz0_.id as id1_0_, quiz0_.text as text2_0_, quiz0_.title as title3_0_, quiz0_.user_id as user_id4_0_ from quiz quiz0_ limit ?
?[0m?[0;34mHibernate: select options0_.quiz_id as quiz_id1_2_0_, options0_.options as options2_2_0_ from quiz_options options0_ where options0_.quiz_id in (select quiz0_.id from quiz quiz0_)
?[0m?[0;34mHibernate: select answer0_.quiz_id as quiz_id1_1_0_, answer0_.answer as answer2_1_0_ from quiz_answer answer0_ where answer0_.quiz_id=?
?[0m?[0;34mHibernate: select answer0_.quiz_id as quiz_id1_1_0_, answer0_.answer as answer2_1_0_ from quiz_answer answer0_ where answer0_.quiz_id=?
?[0m?[0;34mHibernate: select answer0_.quiz_id as quiz_id1_1_0_, answer0_.answer as answer2_1_0_ from quiz_answer answer0_ where answer0_.quiz_id=?
?[0m?[0;34mHibernate: select answer0_.quiz_id as quiz_id1_1_0_, answer0_.answer as answer2_1_0_ from quiz_answer answer0_ where answer0_.quiz_id=?
?[0m?[0;34mHibernate: select answer0_.quiz_id as quiz_id1_1_0_, answer0_.answer as answer2_1_0_ from quiz_answer answer0_ where answer0_.quiz_id=?
?[0m?[0;34mHibernate: select answer0_.quiz_id as quiz_id1_1_0_, answer0_.answer as answer2_1_0_ from quiz_answer answer0_ where answer0_.quiz_id=?
?[0m?[0;34mHibernate: select answer0_.quiz_id as quiz_id1_1_0_, answer0_.answer as answer2_1_0_ from quiz_answer answer0_ where answer0_.quiz_id=?
?[0m?[0;34mHibernate: select answer0_.quiz_id as quiz_id1_1_0_, answer0_.answer as answer2_1_0_ from quiz_answer answer0_ where answer0_.quiz_id=?
?[0m?[0;34mHibernate: select answer0_.quiz_id as quiz_id1_1_0_, answer0_.answer as answer2_1_0_ from quiz_answer answer0_ where answer0_.quiz_id=?
?[0m?[0;34mHibernate: select answer0_.quiz_id as quiz_id1_1_0_, answer0_.answer as answer2_1_0_ from quiz_answer answer0_ where answer0_.quiz_id=?
?[0m?[0;34mHibernate: select count(quiz0_.id) as col_0_0_ from quiz quiz0_
?[1;31m
Start test 233?[0m
?[0m?[0;34mHibernate: select user0_.id as id1_4_, user0_.password as password2_4_, user0_.role as role3_4_, user0_.email as email4_4_ from user user0_ where user0_.email=?
?[0m?[0;34mHibernate: select quiz0_.id as id1_0_, quiz0_.text as text2_0_, quiz0_.title as title3_0_, quiz0_.user_id as user_id4_0_ from quiz quiz0_ limit ? offset ?
?[0m?[0;34mHibernate: select options0_.quiz_id as quiz_id1_2_0_, options0_.options as options2_2_0_ from quiz_options options0_ where options0_.quiz_id in (select quiz0_.id from quiz quiz0_)
?[0m?[0;34mHibernate: select answer0_.quiz_id as quiz_id1_1_0_, answer0_.answer as answer2_1_0_ from quiz_answer answer0_ where answer0_.quiz_id=?
?[0m?[0;34mHibernate: select answer0_.quiz_id as quiz_id1_1_0_, answer0_.answer as answer2_1_0_ from quiz_answer answer0_ where answer0_.quiz_id=?
?[0m?[0;34mHibernate: select answer0_.quiz_id as quiz_id1_1_0_, answer0_.answer as answer2_1_0_ from quiz_answer answer0_ where answer0_.quiz_id=?
?[0m?[0;34mHibernate: select answer0_.quiz_id as quiz_id1_1_0_, answer0_.answer as answer2_1_0_ from quiz_answer answer0_ where answer0_.quiz_id=?
?[0m?[0;34mHibernate: select answer0_.quiz_id as quiz_id1_1_0_, answer0_.answer as answer2_1_0_ from quiz_answer answer0_ where answer0_.quiz_id=?
?[1;31m
Start test 234?[0m
?[0m?[0;34mHibernate: select user0_.id as id1_4_, user0_.password as password2_4_, user0_.role as role3_4_, user0_.email as email4_4_ from user user0_ where user0_.email=?
?[0m?[0;34mHibernate: select quiz0_.id as id1_0_, quiz0_.text as text2_0_, quiz0_.title as title3_0_, quiz0_.user_id as user_id4_0_ from quiz quiz0_ limit ? offset ?
?[0m?[0;34mHibernate: select options0_.quiz_id as quiz_id1_2_0_, options0_.options as options2_2_0_ from quiz_options options0_ where options0_.quiz_id in (select quiz0_.id from quiz quiz0_)
?[0m?[0;34mHibernate: select answer0_.quiz_id as quiz_id1_1_0_, answer0_.answer as answer2_1_0_ from quiz_answer answer0_ where answer0_.quiz_id=?
?[0m?[0;34mHibernate: select answer0_.quiz_id as quiz_id1_1_0_, answer0_.answer as answer2_1_0_ from quiz_answer answer0_ where answer0_.quiz_id=?
?[0m?[0;34mHibernate: select answer0_.quiz_id as quiz_id1_1_0_, answer0_.answer as answer2_1_0_ from quiz_answer answer0_ where answer0_.quiz_id=?
?[0m?[0;34mHibernate: select answer0_.quiz_id as quiz_id1_1_0_, answer0_.answer as answer2_1_0_ from quiz_answer answer0_ where answer0_.quiz_id=?
?[0m?[0;34mHibernate: select answer0_.quiz_id as quiz_id1_1_0_, answer0_.answer as answer2_1_0_ from quiz_answer answer0_ where answer0_.quiz_id=?
]]></system-out>
  <system-err><![CDATA[]]></system-err>
</testsuite>
